[main] main() started
============================================================
RUNNING ONLINE STEP
============================================================
Loading data from data/btcusdt_15m.csv
Loaded 77450 rows of data
Date range: 2024-01-01 00:00:00 to 2026-03-17 18:15:00
Online mode: limited data to last 180 days (17281 rows)
[main] Starting feature preparation...
Preparing features...
  Generating horizon features...
[horizon] Starting feature generation: 17281 rows, horizons=['15m', '30m', '1h', '2h', '4h', '8h', '12h', '24h']
[horizon] Computing base 15m features...
[horizon]   Technical indicators computed
[horizon]   Regime features computed
[horizon] Base features ready
[horizon] Horizon 15m: using base features
[horizon] Merging 56 features for horizon 15m...
[horizon]   Merged (result now has 17281 rows, 57 cols)
[horizon] Horizon 30m: resampling by factor 2...
/home/julien/projects/Bittensor/Arbos/arbos_trading/features/horizon.py:31: FutureWarning: 'T' is deprecated and will be removed in a future version, please use 'min' instead.
  resampled = df_idx[["open", "high", "low", "close", "volume"]].resample(f"{horizon_minutes}T").agg({
[horizon]   Resampled to 8641 rows
[horizon]   Adding technical indicators...
[horizon]   Adding regime features...
[horizon]   Horizon 30m features prepared (8641 rows)
[horizon] Merging 56 features for horizon 30m...
[horizon]   Merged (result now has 17281 rows, 113 cols)
[horizon] Horizon 1h: resampling by factor 4...
/home/julien/projects/Bittensor/Arbos/arbos_trading/features/horizon.py:31: FutureWarning: 'T' is deprecated and will be removed in a future version, please use 'min' instead.
  resampled = df_idx[["open", "high", "low", "close", "volume"]].resample(f"{horizon_minutes}T").agg({
[horizon]   Resampled to 4321 rows
[horizon]   Adding technical indicators...
[horizon]   Adding regime features...
[horizon]   Horizon 1h features prepared (4321 rows)
[horizon] Merging 56 features for horizon 1h...
[horizon]   Merged (result now has 17281 rows, 169 cols)
[horizon] Horizon 2h: resampling by factor 8...
/home/julien/projects/Bittensor/Arbos/arbos_trading/features/horizon.py:31: FutureWarning: 'T' is deprecated and will be removed in a future version, please use 'min' instead.
  resampled = df_idx[["open", "high", "low", "close", "volume"]].resample(f"{horizon_minutes}T").agg({
[horizon]   Resampled to 2161 rows
[horizon]   Adding technical indicators...
[horizon]   Adding regime features...
[horizon]   Horizon 2h features prepared (2161 rows)
[horizon] Merging 56 features for horizon 2h...
[horizon]   Merged (result now has 17281 rows, 225 cols)
[horizon] Horizon 4h: resampling by factor 16...
/home/julien/projects/Bittensor/Arbos/arbos_trading/features/horizon.py:31: FutureWarning: 'T' is deprecated and will be removed in a future version, please use 'min' instead.
  resampled = df_idx[["open", "high", "low", "close", "volume"]].resample(f"{horizon_minutes}T").agg({
[horizon]   Resampled to 1081 rows
[horizon]   Adding technical indicators...
[horizon]   Adding regime features...
[horizon]   Horizon 4h features prepared (1081 rows)
[horizon] Merging 56 features for horizon 4h...
[horizon]   Merged (result now has 17281 rows, 281 cols)
[horizon] Horizon 8h: resampling by factor 32...
/home/julien/projects/Bittensor/Arbos/arbos_trading/features/horizon.py:31: FutureWarning: 'T' is deprecated and will be removed in a future version, please use 'min' instead.
  resampled = df_idx[["open", "high", "low", "close", "volume"]].resample(f"{horizon_minutes}T").agg({
[horizon]   Resampled to 541 rows
[horizon]   Adding technical indicators...
[horizon]   Adding regime features...
[horizon]   Horizon 8h features prepared (541 rows)
[horizon] Merging 56 features for horizon 8h...
[horizon]   Merged (result now has 17281 rows, 337 cols)
[horizon] Horizon 12h: resampling by factor 48...
/home/julien/projects/Bittensor/Arbos/arbos_trading/features/horizon.py:31: FutureWarning: 'T' is deprecated and will be removed in a future version, please use 'min' instead.
  resampled = df_idx[["open", "high", "low", "close", "volume"]].resample(f"{horizon_minutes}T").agg({
[horizon]   Resampled to 361 rows
[horizon]   Adding technical indicators...
[horizon]   Adding regime features...
[horizon]   Horizon 12h features prepared (361 rows)
[horizon] Merging 56 features for horizon 12h...
[horizon]   Merged (result now has 17281 rows, 393 cols)
[horizon] Horizon 24h: resampling by factor 96...
/home/julien/projects/Bittensor/Arbos/arbos_trading/features/horizon.py:31: FutureWarning: 'T' is deprecated and will be removed in a future version, please use 'min' instead.
  resampled = df_idx[["open", "high", "low", "close", "volume"]].resample(f"{horizon_minutes}T").agg({
[horizon]   Resampled to 181 rows
[horizon]   Adding technical indicators...
[horizon]   Adding regime features...
[horizon]   Horizon 24h features prepared (181 rows)
[horizon] Merging 56 features for horizon 24h...
[horizon]   Merged (result now has 17281 rows, 449 cols)
[horizon] Forward filling missing values...
[horizon] Feature generation complete: 17281 rows, 449 columns
Prepared 14474 samples with 458 columns
Feature count: 448
[main] Feature preparation complete: 14474 rows, 448 features
Limited training to 6000 most recent samples
Evolving population (input_dim=448)...
  Generation 1/1
    Training individual 1/7 (lightgbm)
      -> fitness=0.9995
    Training individual 2/7 (lightgbm)
      -> fitness=0.9998
    Training individual 3/7 (lightgbm)
      -> fitness=1.0000
    Training individual 4/7 (lightgbm)
      -> fitness=0.9817
    Training individual 5/7 (lightgbm)
      -> fitness=0.9832
    Training individual 6/7 (lightgbm)
      -> fitness=1.0000
    Training individual 7/7 (lightgbm)
      -> fitness=1.0000
    Best fitness: 1.0000 (model=lightgbm)
Using 11521 recent samples for walk-forward validation (max 120 days)
Running multi-fold walk-forward validation...

Fold 1/3: train=5473, valid=2016
    Gen 1: best_train_fitness=1.0000 (lightgbm)
  Model 1: profit_factor=1.0803
  Model 2: profit_factor=1.1029
  Model 3: profit_factor=1.0830
  Model 4: profit_factor=1.1311
  Model 5: profit_factor=1.0938
  Model 6: profit_factor=1.1232
  Model 7: profit_factor=1.0333

Top 10 feature importances:
  mom_1: 825.0000
  mom_2: 679.0000
  mom_3: 666.0000
  body_ratio: 586.0000
  ret_lag_4: 586.0000
  ret_lag_2: 585.0000
  lower_shadow_30m: 516.0000
  mom_1_30m: 514.0000
  lower_shadow: 510.0000
  mom_5: 504.0000
Fold result: accuracy=0.8302, bets/month=2142.40, trades=1478, sharpe=25.267

Fold 2/3: train=6000, valid=2016
    Gen 1: best_train_fitness=1.0000 (lightgbm)
  Model 1: profit_factor=1.5067
  Model 2: profit_factor=1.5304
  Model 3: profit_factor=1.5220
  Model 4: profit_factor=1.5770
  Model 5: profit_factor=1.6400
  Model 6: profit_factor=1.5242
  Model 7: profit_factor=1.6142

Top 10 feature importances:
  mom_2: 734.0000
  mom_1: 692.0000
  mom_1_30m: 671.0000
  mom_3: 530.0000
  lower_shadow_30m: 444.0000
  upper_shadow_30m: 414.0000
  mom_1_1h: 376.0000
  mom_5: 350.0000
  mom_2_30m: 310.0000
  ret_lag_4: 273.0000
Fold result: accuracy=0.9029, bets/month=1478.51, trades=1020, sharpe=60.447

Fold 3/3: train=6000, valid=2016
    Gen 1: best_train_fitness=1.0000 (lightgbm)
  Model 1: profit_factor=1.3472
  Model 2: profit_factor=1.2883
  Model 3: profit_factor=1.3435
  Model 4: profit_factor=1.3656
  Model 5: profit_factor=1.3472
  Model 6: profit_factor=1.3989
  Model 7: profit_factor=1.3467

Top 10 feature importances:
  mom_2: 573.0000
  mom_1: 522.0000
  upper_shadow_30m: 362.0000
  mom_1_30m: 344.0000
  mom_5: 323.0000
  lower_shadow_30m: 320.0000
  mom_3: 271.0000
  mom_1_1h: 263.0000
  upper_shadow: 198.0000
  mom_3_30m: 184.0000
Fold result: accuracy=0.9175, bets/month=1371.25, trades=946, sharpe=56.456

Multi-fold combined (3 folds): accuracy=0.8757, bets/month=1664.05, Sharpe=47.390, total_return=0.1594, trades=3444
Training best models on full data...
Recent training data: 5761 samples
Selected 2 top models for retraining
  Retraining model 1/2 (lightgbm)
    Done
  Retraining model 2/2 (lightgbm)
    Done
Training horizon ensemble for 7 horizons...
  Horizon 30m (factor=2)
/home/julien/projects/Bittensor/Arbos/arbos_trading/data/processor.py:56: FutureWarning: 'T' is deprecated and will be removed in a future version, please use 'min' instead.
  resampled = df_idx[["open", "high", "low", "close", "volume"]].resample(f"{horizon_minutes}T").agg({
    Resampled to 2881 rows
    Prepared 2850 samples with 64 features
  Horizon 1h (factor=4)
/home/julien/projects/Bittensor/Arbos/arbos_trading/data/processor.py:56: FutureWarning: 'T' is deprecated and will be removed in a future version, please use 'min' instead.
  resampled = df_idx[["open", "high", "low", "close", "volume"]].resample(f"{horizon_minutes}T").agg({
    Resampled to 1441 rows
    Prepared 1410 samples with 64 features
  Horizon 2h (factor=8)
/home/julien/projects/Bittensor/Arbos/arbos_trading/data/processor.py:56: FutureWarning: 'T' is deprecated and will be removed in a future version, please use 'min' instead.
  resampled = df_idx[["open", "high", "low", "close", "volume"]].resample(f"{horizon_minutes}T").agg({
    Resampled to 721 rows
    Prepared 690 samples with 64 features
  Horizon 4h (factor=16)
/home/julien/projects/Bittensor/Arbos/arbos_trading/data/processor.py:56: FutureWarning: 'T' is deprecated and will be removed in a future version, please use 'min' instead.
  resampled = df_idx[["open", "high", "low", "close", "volume"]].resample(f"{horizon_minutes}T").agg({
    Resampled to 361 rows
    Prepared 330 samples with 64 features
  Horizon 8h (factor=32)
/home/julien/projects/Bittensor/Arbos/arbos_trading/data/processor.py:56: FutureWarning: 'T' is deprecated and will be removed in a future version, please use 'min' instead.
  resampled = df_idx[["open", "high", "low", "close", "volume"]].resample(f"{horizon_minutes}T").agg({
    Resampled to 181 rows
    Prepared 150 samples with 64 features
  Horizon 12h (factor=48)
/home/julien/projects/Bittensor/Arbos/arbos_trading/data/processor.py:56: FutureWarning: 'T' is deprecated and will be removed in a future version, please use 'min' instead.
  resampled = df_idx[["open", "high", "low", "close", "volume"]].resample(f"{horizon_minutes}T").agg({
    Resampled to 121 rows
    Prepared 90 samples with 64 features
  Horizon 24h (factor=96)
/home/julien/projects/Bittensor/Arbos/arbos_trading/data/processor.py:56: FutureWarning: 'T' is deprecated and will be removed in a future version, please use 'min' instead.
  resampled = df_idx[["open", "high", "low", "close", "volume"]].resample(f"{horizon_minutes}T").agg({
    Resampled to 61 rows
Fitting horizon ensembles for 6 horizons
  Horizon 30m (1/6): processing 2850 rows
    Feature count: 56, training samples: 2850
    Training 5 models...
[horizon]   Training model 1/5 (random_forest)...
[horizon]   Model 1 trained
[horizon]   Training model 2/5 (random_forest)...
[horizon]   Model 2 trained
[horizon]   Training model 3/5 (random_forest)...
[horizon]   Model 3 trained
[horizon]   Training model 4/5 (random_forest)...
[horizon]   Model 4 trained
[horizon]   Training model 5/5 (random_forest)...
[horizon]   Model 5 trained
    Completed horizon 30m
  Horizon 1h (2/6): processing 1410 rows
    Feature count: 56, training samples: 1410
    Training 5 models...
[horizon]   Training model 1/5 (random_forest)...
[horizon]   Model 1 trained
[horizon]   Training model 2/5 (random_forest)...
[horizon]   Model 2 trained
[horizon]   Training model 3/5 (random_forest)...
[horizon]   Model 3 trained
[horizon]   Training model 4/5 (random_forest)...
[horizon]   Model 4 trained
[horizon]   Training model 5/5 (random_forest)...
[horizon]   Model 5 trained
    Completed horizon 1h
  Horizon 2h (3/6): processing 690 rows
    Feature count: 56, training samples: 690
    Training 5 models...
[horizon]   Training model 1/5 (random_forest)...
[horizon]   Model 1 trained
[horizon]   Training model 2/5 (random_forest)...
[horizon]   Model 2 trained
[horizon]   Training model 3/5 (random_forest)...
[horizon]   Model 3 trained
[horizon]   Training model 4/5 (random_forest)...
[horizon]   Model 4 trained
[horizon]   Training model 5/5 (random_forest)...
[horizon]   Model 5 trained
    Completed horizon 2h
  Horizon 4h (4/6): processing 330 rows
    Feature count: 56, training samples: 330
    Training 5 models...
[horizon]   Training model 1/5 (random_forest)...
[horizon]   Model 1 trained
[horizon]   Training model 2/5 (random_forest)...
[horizon]   Model 2 trained
[horizon]   Training model 3/5 (random_forest)...
[horizon]   Model 3 trained
[horizon]   Training model 4/5 (random_forest)...
[horizon]   Model 4 trained
[horizon]   Training model 5/5 (random_forest)...
[horizon]   Model 5 trained
    Completed horizon 4h
  Horizon 8h (5/6): processing 150 rows
    Feature count: 56, training samples: 150
    Training 5 models...
[horizon]   Training model 1/5 (random_forest)...
[horizon]   Model 1 trained
[horizon]   Training model 2/5 (random_forest)...
[horizon]   Model 2 trained
[horizon]   Training model 3/5 (random_forest)...
[horizon]   Model 3 trained
[horizon]   Training model 4/5 (random_forest)...
[horizon]   Model 4 trained
[horizon]   Training model 5/5 (random_forest)...
[horizon]   Model 5 trained
    Completed horizon 8h
  Horizon 12h (6/6): processing 90 rows
    Feature count: 56, training samples: 90
    Training 5 models...
[horizon]   Training model 1/5 (random_forest)...
[horizon]   Model 1 trained
[horizon]   Training model 2/5 (random_forest)...
[horizon]   Model 2 trained
[horizon]   Training model 3/5 (random_forest)...
[horizon]   Model 3 trained
[horizon]   Training model 4/5 (random_forest)...
[horizon]   Model 4 trained
[horizon]   Training model 5/5 (random_forest)...
[horizon]   Model 5 trained
    Completed horizon 12h
All horizon ensembles fitted
Horizon ensemble training complete
Generated 2880 current signals
Latest signal: 0 (1=UP, 0=DOWN, -1=NO TRADE)
Results saved to results/20260318_160840
============================================================
STEP COMPLETE
Metrics: {
  "timestamp": "2026-03-18T16:08:40.281589",
  "accuracy": 0.875725900116144,
  "bets_per_month": 1664.0533333333333,
  "sharpe": 47.389902882690386,
  "max_drawdown": 0.006014832848705713,
  "total_return": 0.15941699926304553,
  "latest_signal": 0,
  "population_fitness": {
    "0": 1.0,
    "1": 1.0,
    "2": 1.0,
    "3": 0.9998333333333334,
    "4": 0.9995
  }
}
============================================================

Step completed. Latest signal: 0
Accuracy: 0.8757, Bets/month: 1664.05
