[main] main() started
============================================================
RUNNING ONLINE STEP
============================================================
Loading data from data/btcusdt_15m.csv
Loaded 77450 rows of data
Date range: 2024-01-01 00:00:00 to 2026-03-17 18:15:00
Online mode: limited data to last 180 days (17281 rows)
[main] Starting feature preparation...
Preparing features...
  Generating horizon features...
[horizon] Starting feature generation: 17281 rows, horizons=['15m', '30m', '1h', '2h', '4h', '8h', '12h', '24h']
[horizon] Computing base 15m features...
[horizon]   Technical indicators computed
[horizon]   Regime features computed
[horizon] Base features ready
[horizon] Horizon 15m: using base features
[horizon] Merging 60 features for horizon 15m...
[horizon]   Merged (result now has 17281 rows, 61 cols)
[horizon] Horizon 30m: resampling by factor 2...
[horizon]   Resampled to 8641 rows
[horizon]   Adding technical indicators...
[horizon]   Adding regime features...
[horizon]   Horizon 30m features prepared (8641 rows)
[horizon] Merging 60 features for horizon 30m...
[horizon]   Merged (result now has 17281 rows, 121 cols)
[horizon] Horizon 1h: resampling by factor 4...
[horizon]   Resampled to 4321 rows
[horizon]   Adding technical indicators...
[horizon]   Adding regime features...
[horizon]   Horizon 1h features prepared (4321 rows)
[horizon] Merging 60 features for horizon 1h...
[horizon]   Merged (result now has 17281 rows, 181 cols)
[horizon] Horizon 2h: resampling by factor 8...
[horizon]   Resampled to 2161 rows
[horizon]   Adding technical indicators...
[horizon]   Adding regime features...
[horizon]   Horizon 2h features prepared (2161 rows)
[horizon] Merging 60 features for horizon 2h...
[horizon]   Merged (result now has 17281 rows, 241 cols)
[horizon] Horizon 4h: resampling by factor 16...
[horizon]   Resampled to 1081 rows
[horizon]   Adding technical indicators...
[horizon]   Adding regime features...
[horizon]   Horizon 4h features prepared (1081 rows)
[horizon] Merging 60 features for horizon 4h...
[horizon]   Merged (result now has 17281 rows, 301 cols)
[horizon] Horizon 8h: resampling by factor 32...
[horizon]   Resampled to 541 rows
[horizon]   Adding technical indicators...
[horizon]   Adding regime features...
[horizon]   Horizon 8h features prepared (541 rows)
[horizon] Merging 60 features for horizon 8h...
[horizon]   Merged (result now has 17281 rows, 361 cols)
[horizon] Horizon 12h: resampling by factor 48...
[horizon]   Resampled to 361 rows
[horizon]   Adding technical indicators...
[horizon]   Adding regime features...
[horizon]   Horizon 12h features prepared (361 rows)
[horizon] Merging 60 features for horizon 12h...
[horizon]   Merged (result now has 17281 rows, 421 cols)
[horizon] Horizon 24h: resampling by factor 96...
[horizon]   Resampled to 181 rows
[horizon]   Adding technical indicators...
[horizon]   Adding regime features...
[horizon]   Horizon 24h features prepared (181 rows)
[horizon] Merging 60 features for horizon 24h...
[horizon]   Merged (result now has 17281 rows, 481 cols)
[horizon] Forward filling missing values...
[horizon] Feature generation complete: 17281 rows, 485 columns
Prepared 15434 samples with 494 columns
Feature count: 484
[main] Feature preparation complete: 15434 rows, 484 features
Limited training to 6000 most recent samples
Evolving population (input_dim=484)...
  Generation 1/1
    Training individual 1/7 (lightgbm)
      -> fitness=0.9757
    Training individual 2/7 (lightgbm)
      -> fitness=0.9420
    Training individual 3/7 (lightgbm)
      -> fitness=0.9727
    Training individual 4/7 (lightgbm)
      -> fitness=0.9560
    Training individual 5/7 (lightgbm)
      -> fitness=0.9740
    Training individual 6/7 (lightgbm)
      -> fitness=0.9725
    Training individual 7/7 (lightgbm)
      -> fitness=0.9740
    Best fitness: 0.9757 (model=lightgbm)
Using 11521 recent samples for walk-forward validation (max 120 days)
Running multi-fold walk-forward validation...

Fold 1/3: train=5473, valid=2016
    Gen 1: best_train_fitness=0.9731 (lightgbm)
  Model 1: profit_factor=1.0647
  Model 2: profit_factor=1.0698
  Model 3: profit_factor=1.1647
  Model 4: profit_factor=1.1824
  Model 5: profit_factor=1.1661
  Model 6: profit_factor=1.1173
  Model 7: profit_factor=1.1257

Top 10 feature importances:
  vwap_dist_10: 93.0000
  vwap_dist_5_30m: 84.0000
  stoch_k_5: 56.0000
  stoch_k_14: 52.0000
  mom_1: 48.0000
  bb_position: 46.0000
  vwap_dist_20: 45.0000
  candle_streak: 42.0000
  lower_wick_ratio_30m: 42.0000
  upper_wick_ratio_30m: 41.0000
Fold result: accuracy=0.9054, bets/month=1655.36, trades=1142, sharpe=42.078

Fold 2/3: train=6000, valid=2016
    Gen 1: best_train_fitness=0.9772 (lightgbm)
  Model 1: profit_factor=1.4624
  Model 2: profit_factor=1.4388
  Model 3: profit_factor=1.4615
  Model 4: profit_factor=1.4720
  Model 5: profit_factor=1.5086
  Model 6: profit_factor=1.5748
  Model 7: profit_factor=1.4945

Top 10 feature importances:
  vwap_dist_10: 197.0000
  vwap_dist_5_30m: 182.0000
  mom_1: 137.0000
  stoch_k_5: 131.0000
  stoch_k_14: 111.0000
  stoch_k_5_30m: 100.0000
  vwap_dist_5: 97.0000
  mom_1_30m: 97.0000
  lower_wick_ratio_30m: 93.0000
  upper_wick_ratio_30m: 89.0000
Fold result: accuracy=0.8818, bets/month=1643.76, trades=1134, sharpe=55.221

Fold 3/3: train=6000, valid=2016
    Gen 1: best_train_fitness=0.9773 (lightgbm)
  Model 1: profit_factor=1.5377
  Model 2: profit_factor=1.3541
  Model 3: profit_factor=1.3811
  Model 4: profit_factor=1.4262
  Model 5: profit_factor=1.3975
  Model 6: profit_factor=1.3885
  Model 7: profit_factor=1.4085

Top 10 feature importances:
  vwap_dist_10: 610.0000
  stoch_k_14: 542.0000
  price_accel: 530.0000
  rsi_roc_1: 516.0000
  body_ratio: 493.0000
  mom_1: 477.0000
  upper_wick_ratio: 468.0000
  vwap_dist_5_30m: 459.0000
  stoch_k_5: 438.0000
  upper_wick_ratio_30m: 432.0000
Fold result: accuracy=0.8775, bets/month=1691.59, trades=1167, sharpe=55.268

Multi-fold combined (3 folds): accuracy=0.8882, bets/month=1663.57, Sharpe=50.856, total_return=0.1746, trades=3443
Training best models on full data...
Recent training data: 5761 samples
Selected 4 top models for retraining
  Retraining model 1/4 (lightgbm)
    Done
  Retraining model 2/4 (lightgbm)
    Done
  Retraining model 3/4 (lightgbm)
    Done
  Retraining model 4/4 (lightgbm)
    Done
Generated 2880 current signals
Latest signal: -1 (1=UP, 0=DOWN, -1=NO TRADE)
Results saved to results/20260318_124946
============================================================
STEP COMPLETE
Metrics: {
  "timestamp": "2026-03-18T12:49:46.990063",
  "accuracy": 0.8881789137380192,
  "bets_per_month": 1663.5701587301585,
  "sharpe": 50.8558771275552,
  "max_drawdown": 0.0022560104836663844,
  "total_return": 0.1746349859981805,
  "latest_signal": -1,
  "population_fitness": {
    "0": 0.9756666666666667,
    "1": 0.974,
    "2": 0.974,
    "3": 0.9726666666666667,
    "4": 0.9725
  }
}
============================================================
[main] Feature selection: saved top 300 features (from 484 total)

Step completed. Latest signal: -1
Accuracy: 0.8882, Bets/month: 1663.57
