[main] main() started
============================================================
RUNNING ONLINE STEP
============================================================
Loading data from data/btcusdt_15m.csv
Loaded 77450 rows of data
Date range: 2024-01-01 00:00:00 to 2026-03-17 18:15:00
Online mode: limited data to last 180 days (17281 rows)
[main] Starting feature preparation...
Preparing features...
  Generating horizon features...
[horizon] Starting feature generation: 17281 rows, horizons=['15m', '30m', '1h', '2h', '4h', '8h', '12h', '24h']
[horizon] Computing base 15m features...
[horizon]   Technical indicators computed
[horizon]   Regime features computed
[horizon] Base features ready
[horizon] Horizon 15m: using base features
[horizon] Merging 60 features for horizon 15m...
[horizon]   Merged (result now has 17281 rows, 61 cols)
[horizon] Horizon 30m: resampling by factor 2...
[horizon]   Resampled to 8641 rows
[horizon]   Adding technical indicators...
[horizon]   Adding regime features...
[horizon]   Horizon 30m features prepared (8641 rows)
[horizon] Merging 60 features for horizon 30m...
[horizon]   Merged (result now has 17281 rows, 121 cols)
[horizon] Horizon 1h: resampling by factor 4...
[horizon]   Resampled to 4321 rows
[horizon]   Adding technical indicators...
[horizon]   Adding regime features...
[horizon]   Horizon 1h features prepared (4321 rows)
[horizon] Merging 60 features for horizon 1h...
[horizon]   Merged (result now has 17281 rows, 181 cols)
[horizon] Horizon 2h: resampling by factor 8...
[horizon]   Resampled to 2161 rows
[horizon]   Adding technical indicators...
[horizon]   Adding regime features...
[horizon]   Horizon 2h features prepared (2161 rows)
[horizon] Merging 60 features for horizon 2h...
[horizon]   Merged (result now has 17281 rows, 241 cols)
[horizon] Horizon 4h: resampling by factor 16...
[horizon]   Resampled to 1081 rows
[horizon]   Adding technical indicators...
[horizon]   Adding regime features...
[horizon]   Horizon 4h features prepared (1081 rows)
[horizon] Merging 60 features for horizon 4h...
[horizon]   Merged (result now has 17281 rows, 301 cols)
[horizon] Horizon 8h: resampling by factor 32...
[horizon]   Resampled to 541 rows
[horizon]   Adding technical indicators...
[horizon]   Adding regime features...
[horizon]   Horizon 8h features prepared (541 rows)
[horizon] Merging 60 features for horizon 8h...
[horizon]   Merged (result now has 17281 rows, 361 cols)
[horizon] Horizon 12h: resampling by factor 48...
[horizon]   Resampled to 361 rows
[horizon]   Adding technical indicators...
[horizon]   Adding regime features...
[horizon]   Horizon 12h features prepared (361 rows)
[horizon] Merging 60 features for horizon 12h...
[horizon]   Merged (result now has 17281 rows, 421 cols)
[horizon] Horizon 24h: resampling by factor 96...
[horizon]   Resampled to 181 rows
[horizon]   Adding technical indicators...
[horizon]   Adding regime features...
[horizon]   Horizon 24h features prepared (181 rows)
[horizon] Merging 60 features for horizon 24h...
[horizon]   Merged (result now has 17281 rows, 481 cols)
[horizon] Forward filling missing values...
[horizon] Feature generation complete: 17281 rows, 485 columns
Prepared 15434 samples with 494 columns
Feature count: 484
[main] Feature preparation complete: 15434 rows, 484 features
Limited training to 6000 most recent samples
Evolving population (input_dim=484)...
  Generation 1/1
    Training individual 1/7 (lightgbm)
      -> fitness=0.9617
    Training individual 2/7 (lightgbm)
      -> fitness=0.9457
    Training individual 3/7 (lightgbm)
      -> fitness=0.9740
    Training individual 4/7 (lightgbm)
      -> fitness=0.9752
    Training individual 5/7 (lightgbm)
      -> fitness=0.9728
    Training individual 6/7 (lightgbm)
      -> fitness=0.8302
    Training individual 7/7 (lightgbm)
      -> fitness=0.9725
    Best fitness: 0.9752 (model=lightgbm)
Using 11521 recent samples for walk-forward validation (max 120 days)
Running multi-fold walk-forward validation...

Fold 1/3: train=5473, valid=2016
    Gen 1: best_train_fitness=0.9755 (lightgbm)
  Model 1: profit_factor=1.2439
  Model 2: profit_factor=1.2048
  Model 3: profit_factor=1.1158
  Model 4: profit_factor=1.2319
  Model 5: profit_factor=1.1478
  Model 6: profit_factor=1.2217
  Model 7: profit_factor=1.1943

Top 10 feature importances:
  vwap_dist_10: 151.0000
  vwap_dist_5_30m: 141.0000
  stoch_k_5: 92.0000
  vwap_dist_20: 87.0000
  mom_1: 84.0000
  stoch_k_14: 84.0000
  bb_position: 79.0000
  lower_wick_ratio_30m: 78.0000
  vwap_dist_10_30m: 72.0000
  mom_1_30m: 71.0000
Fold result: accuracy=0.9043, bets/month=1681.45, trades=1160, sharpe=40.663

Fold 2/3: train=6000, valid=2016
    Gen 1: best_train_fitness=0.9762 (lightgbm)
  Model 1: profit_factor=1.4134
  Model 2: profit_factor=1.4411
  Model 3: profit_factor=1.4526
  Model 4: profit_factor=1.5016
  Model 5: profit_factor=1.5111
  Model 6: profit_factor=1.3922
  Model 7: profit_factor=1.5411

Top 10 feature importances:
  vwap_dist_10: 607.0000
  vwap_dist_5_30m: 519.0000
  mom_1: 384.0000
  stoch_k_5: 372.0000
  mom_1_30m: 316.0000
  stoch_k_14: 315.0000
  vwap_dist_5: 313.0000
  lower_wick_ratio_30m: 299.0000
  upper_wick_ratio_30m: 285.0000
  stoch_k_5_30m: 275.0000
Fold result: accuracy=0.8809, bets/month=1714.79, trades=1183, sharpe=54.917

Fold 3/3: train=6000, valid=2016
    Gen 1: best_train_fitness=0.9760 (lightgbm)
  Model 1: profit_factor=1.3853
  Model 2: profit_factor=1.4626
  Model 3: profit_factor=1.4051
  Model 4: profit_factor=1.4085
  Model 5: profit_factor=1.3809
  Model 6: profit_factor=1.4184
  Model 7: profit_factor=1.3397

Top 10 feature importances:
  vwap_dist_10: 284.0000
  vwap_dist_5_30m: 268.0000
  stoch_k_14: 206.0000
  rsi_roc_1: 176.0000
  candle_streak: 173.0000
  mom_1: 170.0000
  upper_wick_ratio_30m: 170.0000
  vwap_dist_20: 161.0000
  mom_1_30m: 158.0000
  stoch_k_5_30m: 154.0000
Fold result: accuracy=0.8778, bets/month=1695.94, trades=1170, sharpe=55.133

Multi-fold combined (3 folds): accuracy=0.8876, bets/month=1697.39, Sharpe=50.238, total_return=0.1756, trades=3513
Training best models on full data...
Recent training data: 5761 samples
Selected 4 top models for retraining
  Retraining model 1/4 (lightgbm)
    Done
  Retraining model 2/4 (lightgbm)
    Done
  Retraining model 3/4 (lightgbm)
    Done
  Retraining model 4/4 (lightgbm)
    Done
Generated 2880 current signals
Latest signal: -1 (1=UP, 0=DOWN, -1=NO TRADE)
Results saved to results/20260318_131234
============================================================
STEP COMPLETE
Metrics: {
  "timestamp": "2026-03-18T13:12:34.763920",
  "accuracy": 0.8875943887952855,
  "bets_per_month": 1697.392380952381,
  "sharpe": 50.23767645922658,
  "max_drawdown": 0.0025274216147684707,
  "total_return": 0.17557627101723702,
  "latest_signal": -1,
  "population_fitness": {
    "0": 0.9751666666666666,
    "1": 0.974,
    "2": 0.9728333333333333,
    "3": 0.9725,
    "4": 0.9616666666666667
  }
}
============================================================
[main] Feature selection: saved top 300 features (from 484 total)

Step completed. Latest signal: -1
Accuracy: 0.8876, Bets/month: 1697.39
