[main] main() started
============================================================
RUNNING ONLINE STEP
============================================================
Loading data from data/btcusdt_15m.csv
Loaded 77450 rows of data
Date range: 2024-01-01 00:00:00 to 2026-03-17 18:15:00
Online mode: limited data to last 180 days (17281 rows)
[main] Starting feature preparation...
Preparing features...
  Generating horizon features...
[horizon] Starting feature generation: 17281 rows, horizons=['15m', '30m', '1h', '2h', '4h', '8h', '12h', '24h']
[horizon] Computing base 15m features...
[horizon]   Technical indicators computed
[horizon]   Regime features computed
[horizon] Base features ready
[horizon] Horizon 15m: using base features
[horizon] Merging 60 features for horizon 15m...
[horizon]   Merged (result now has 17281 rows, 61 cols)
[horizon] Horizon 30m: resampling by factor 2...
[horizon]   Resampled to 8641 rows
[horizon]   Adding technical indicators...
[horizon]   Adding regime features...
[horizon]   Horizon 30m features prepared (8641 rows)
[horizon] Merging 60 features for horizon 30m...
[horizon]   Merged (result now has 17281 rows, 121 cols)
[horizon] Horizon 1h: resampling by factor 4...
[horizon]   Resampled to 4321 rows
[horizon]   Adding technical indicators...
[horizon]   Adding regime features...
[horizon]   Horizon 1h features prepared (4321 rows)
[horizon] Merging 60 features for horizon 1h...
[horizon]   Merged (result now has 17281 rows, 181 cols)
[horizon] Horizon 2h: resampling by factor 8...
[horizon]   Resampled to 2161 rows
[horizon]   Adding technical indicators...
[horizon]   Adding regime features...
[horizon]   Horizon 2h features prepared (2161 rows)
[horizon] Merging 60 features for horizon 2h...
[horizon]   Merged (result now has 17281 rows, 241 cols)
[horizon] Horizon 4h: resampling by factor 16...
[horizon]   Resampled to 1081 rows
[horizon]   Adding technical indicators...
[horizon]   Adding regime features...
[horizon]   Horizon 4h features prepared (1081 rows)
[horizon] Merging 60 features for horizon 4h...
[horizon]   Merged (result now has 17281 rows, 301 cols)
[horizon] Horizon 8h: resampling by factor 32...
[horizon]   Resampled to 541 rows
[horizon]   Adding technical indicators...
[horizon]   Adding regime features...
[horizon]   Horizon 8h features prepared (541 rows)
[horizon] Merging 60 features for horizon 8h...
[horizon]   Merged (result now has 17281 rows, 361 cols)
[horizon] Horizon 12h: resampling by factor 48...
[horizon]   Resampled to 361 rows
[horizon]   Adding technical indicators...
[horizon]   Adding regime features...
[horizon]   Horizon 12h features prepared (361 rows)
[horizon] Merging 60 features for horizon 12h...
[horizon]   Merged (result now has 17281 rows, 421 cols)
[horizon] Horizon 24h: resampling by factor 96...
[horizon]   Resampled to 181 rows
[horizon]   Adding technical indicators...
[horizon]   Adding regime features...
[horizon]   Horizon 24h features prepared (181 rows)
[horizon] Merging 60 features for horizon 24h...
[horizon]   Merged (result now has 17281 rows, 481 cols)
[horizon] Forward filling missing values...
[horizon] Feature generation complete: 17281 rows, 485 columns
Prepared 15434 samples with 494 columns
Feature count: 484
[main] Feature preparation complete: 15434 rows, 484 features
Limited training to 6000 most recent samples
Evolving population (input_dim=484)...
  Generation 1/1
    Training individual 1/7 (lightgbm)
      -> fitness=0.9735
    Training individual 2/7 (lightgbm)
      -> fitness=0.9738
    Training individual 3/7 (lightgbm)
      -> fitness=0.9738
    Training individual 4/7 (lightgbm)
      -> fitness=0.9740
    Training individual 5/7 (lightgbm)
      -> fitness=0.9733
    Training individual 6/7 (lightgbm)
      -> fitness=0.9723
    Training individual 7/7 (lightgbm)
      -> fitness=0.9727
    Best fitness: 0.9740 (model=lightgbm)
Using 11521 recent samples for walk-forward validation (max 120 days)
Running multi-fold walk-forward validation...

Fold 1/3: train=5473, valid=2016
    Gen 1: best_train_fitness=0.9753 (lightgbm)
  Model 1: profit_factor=1.2199
  Model 2: profit_factor=1.1899
  Model 3: profit_factor=1.1783
  Model 4: profit_factor=1.1922
  Model 5: profit_factor=1.1530
  Model 6: profit_factor=1.1235
  Model 7: profit_factor=1.2322

Top 10 feature importances:
  vwap_dist_10: 257.0000
  vwap_dist_5_30m: 206.0000
  mom_1: 159.0000
  stoch_k_5: 151.0000
  stoch_k_14: 150.0000
  bb_position: 139.0000
  lower_wick_ratio_30m: 134.0000
  upper_wick_ratio_30m: 122.0000
  mom_1_30m: 119.0000
  candle_streak: 118.0000
Fold result: accuracy=0.9015, bets/month=1693.04, trades=1168, sharpe=41.189

Fold 2/3: train=6000, valid=2016
    Gen 1: best_train_fitness=0.9757 (lightgbm)
  Model 1: profit_factor=1.6102
  Model 2: profit_factor=1.4229
  Model 3: profit_factor=1.5288
  Model 4: profit_factor=1.4355
  Model 5: profit_factor=1.5380
  Model 6: profit_factor=1.6102
  Model 7: profit_factor=1.4812

Top 10 feature importances:
  vwap_dist_10: 317.0000
  vwap_dist_5_30m: 307.0000
  stoch_k_14: 171.0000
  stoch_k_5: 167.0000
  mom_1: 161.0000
  stoch_k_5_30m: 146.0000
  vwap_dist_20: 137.0000
  mom_1_30m: 137.0000
  vwap_dist_5: 127.0000
  vwap_dist_10_30m: 119.0000
Fold result: accuracy=0.8800, bets/month=1678.55, trades=1158, sharpe=54.584

Fold 3/3: train=6000, valid=2016
    Gen 1: best_train_fitness=0.9777 (lightgbm)
  Model 1: profit_factor=1.3992
  Model 2: profit_factor=1.3285
  Model 3: profit_factor=1.4233
  Model 4: profit_factor=1.4792
  Model 5: profit_factor=1.4806
  Model 6: profit_factor=1.4281
  Model 7: profit_factor=1.3831

Top 10 feature importances:
  vwap_dist_10: 183.0000
  vwap_dist_5_30m: 166.0000
  vwap_dist_20: 140.0000
  vwap_dist_10_30m: 116.0000
  stoch_k_14: 111.0000
  candle_streak: 100.0000
  mom_1: 95.0000
  stoch_k_5_30m: 95.0000
  mom_1_30m: 94.0000
  upper_wick_ratio_30m: 90.0000
Fold result: accuracy=0.8809, bets/month=1703.19, trades=1175, sharpe=55.454

Multi-fold combined (3 folds): accuracy=0.8875, bets/month=1691.59, Sharpe=50.409, total_return=0.1746, trades=3501
Training best models on full data...
Recent training data: 5761 samples
Selected 4 top models for retraining
  Retraining model 1/4 (lightgbm)
    Done
  Retraining model 2/4 (lightgbm)
    Done
  Retraining model 3/4 (lightgbm)
    Done
  Retraining model 4/4 (lightgbm)
    Done
Generated 2880 current signals
Latest signal: -1 (1=UP, 0=DOWN, -1=NO TRADE)
Results saved to results/20260318_151452
============================================================
STEP COMPLETE
Metrics: {
  "timestamp": "2026-03-18T15:14:52.775663",
  "accuracy": 0.887460725506998,
  "bets_per_month": 1691.5942857142857,
  "sharpe": 50.40905609138076,
  "max_drawdown": 0.0025678318354047844,
  "total_return": 0.17457132818969512,
  "latest_signal": -1,
  "population_fitness": {
    "0": 0.974,
    "1": 0.9738333333333333,
    "2": 0.9738333333333333,
    "3": 0.9735,
    "4": 0.9733333333333334
  }
}
============================================================
[main] Feature selection: saved top 300 features (from 484 total)

Step completed. Latest signal: -1
Accuracy: 0.8875, Bets/month: 1691.59
