[main] main() started
============================================================
RUNNING ONLINE STEP
============================================================
Loading data from data/btcusdt_15m.csv
Loaded 77450 rows of data
Date range: 2024-01-01 00:00:00 to 2026-03-17 18:15:00
Online mode: limited data to last 180 days (17281 rows)
[main] Starting feature preparation...
Preparing features...
  Generating horizon features...
[horizon] Starting feature generation: 17281 rows, horizons=['15m', '30m', '1h', '2h', '4h', '8h', '12h', '24h']
[horizon] Computing base 15m features...
[horizon]   Technical indicators computed
[horizon]   Regime features computed
[horizon] Base features ready
[horizon] Horizon 15m: using base features
[horizon] Merging 60 features for horizon 15m...
[horizon]   Merged (result now has 17281 rows, 61 cols)
[horizon] Horizon 30m: resampling by factor 2...
[horizon]   Resampled to 8641 rows
[horizon]   Adding technical indicators...
[horizon]   Adding regime features...
[horizon]   Horizon 30m features prepared (8641 rows)
[horizon] Merging 60 features for horizon 30m...
[horizon]   Merged (result now has 17281 rows, 121 cols)
[horizon] Horizon 1h: resampling by factor 4...
[horizon]   Resampled to 4321 rows
[horizon]   Adding technical indicators...
[horizon]   Adding regime features...
[horizon]   Horizon 1h features prepared (4321 rows)
[horizon] Merging 60 features for horizon 1h...
[horizon]   Merged (result now has 17281 rows, 181 cols)
[horizon] Horizon 2h: resampling by factor 8...
[horizon]   Resampled to 2161 rows
[horizon]   Adding technical indicators...
[horizon]   Adding regime features...
[horizon]   Horizon 2h features prepared (2161 rows)
[horizon] Merging 60 features for horizon 2h...
[horizon]   Merged (result now has 17281 rows, 241 cols)
[horizon] Horizon 4h: resampling by factor 16...
[horizon]   Resampled to 1081 rows
[horizon]   Adding technical indicators...
[horizon]   Adding regime features...
[horizon]   Horizon 4h features prepared (1081 rows)
[horizon] Merging 60 features for horizon 4h...
[horizon]   Merged (result now has 17281 rows, 301 cols)
[horizon] Horizon 8h: resampling by factor 32...
[horizon]   Resampled to 541 rows
[horizon]   Adding technical indicators...
[horizon]   Adding regime features...
[horizon]   Horizon 8h features prepared (541 rows)
[horizon] Merging 60 features for horizon 8h...
[horizon]   Merged (result now has 17281 rows, 361 cols)
[horizon] Horizon 12h: resampling by factor 48...
[horizon]   Resampled to 361 rows
[horizon]   Adding technical indicators...
[horizon]   Adding regime features...
[horizon]   Horizon 12h features prepared (361 rows)
[horizon] Merging 60 features for horizon 12h...
[horizon]   Merged (result now has 17281 rows, 421 cols)
[horizon] Horizon 24h: resampling by factor 96...
[horizon]   Resampled to 181 rows
[horizon]   Adding technical indicators...
[horizon]   Adding regime features...
[horizon]   Horizon 24h features prepared (181 rows)
[horizon] Merging 60 features for horizon 24h...
[horizon]   Merged (result now has 17281 rows, 481 cols)
[horizon] Forward filling missing values...
[horizon] Feature generation complete: 17281 rows, 485 columns
Prepared 15434 samples with 494 columns
Feature count: 484
[main] Feature preparation complete: 15434 rows, 484 features
Limited training to 6000 most recent samples
Evolving population (input_dim=484)...
  Generation 1/1
    Training individual 1/7 (lightgbm)
      -> fitness=0.9730
    Training individual 2/7 (lightgbm)
      -> fitness=0.9630
    Training individual 3/7 (lightgbm)
      -> fitness=0.9738
    Training individual 4/7 (lightgbm)
      -> fitness=0.8287
    Training individual 5/7 (lightgbm)
      -> fitness=0.9612
    Training individual 6/7 (lightgbm)
      -> fitness=0.9728
    Training individual 7/7 (lightgbm)
      -> fitness=0.9372
    Best fitness: 0.9738 (model=lightgbm)
Using 11521 recent samples for walk-forward validation (max 120 days)
Running multi-fold walk-forward validation...

Fold 1/3: train=5473, valid=2016
    Gen 1: best_train_fitness=0.9759 (lightgbm)
  Model 1: profit_factor=1.2048
  Model 2: profit_factor=1.1649
  Model 3: profit_factor=1.0698
  Model 4: profit_factor=1.1955
  Model 5: profit_factor=1.2216
  Model 6: profit_factor=1.1478
  Model 7: profit_factor=1.2545

Top 10 feature importances:
  vwap_dist_10: 602.0000
  vwap_dist_5_30m: 540.0000
  mom_1: 458.0000
  stoch_k_5: 426.0000
  stoch_k_14: 391.0000
  lower_wick_ratio_30m: 351.0000
  upper_wick_ratio_30m: 346.0000
  mom_1_30m: 338.0000
  stoch_k_5_30m: 333.0000
  bb_position: 320.0000
Fold result: accuracy=0.8944, bets/month=1729.28, trades=1193, sharpe=39.867

Fold 2/3: train=6000, valid=2016
    Gen 1: best_train_fitness=0.9777 (lightgbm)
  Model 1: profit_factor=1.4782
  Model 2: profit_factor=1.4397
  Model 3: profit_factor=1.3882
  Model 4: profit_factor=1.4100
  Model 5: profit_factor=1.5751
  Model 6: profit_factor=1.4728
  Model 7: profit_factor=1.3614

Top 10 feature importances:
  vwap_dist_10: 266.0000
  vwap_dist_5_30m: 250.0000
  mom_1: 153.0000
  stoch_k_5: 150.0000
  stoch_k_14: 137.0000
  mom_1_30m: 127.0000
  vwap_dist_5: 122.0000
  stoch_k_5_30m: 117.0000
  lower_wick_ratio_30m: 109.0000
  upper_wick_ratio_30m: 100.0000
Fold result: accuracy=0.8743, bets/month=1774.22, trades=1224, sharpe=52.254

Fold 3/3: train=6000, valid=2016
    Gen 1: best_train_fitness=0.9770 (lightgbm)
  Model 1: profit_factor=1.4334
  Model 2: profit_factor=1.4640
  Model 3: profit_factor=1.3906
  Model 4: profit_factor=1.3885
  Model 5: profit_factor=1.4133
  Model 6: profit_factor=1.4085
  Model 7: profit_factor=1.4381

Top 10 feature importances:
  vwap_dist_10: 277.0000
  vwap_dist_5_30m: 204.0000
  price_accel: 190.0000
  stoch_k_14: 180.0000
  rsi_roc_1: 177.0000
  upper_wick_ratio: 158.0000
  candle_streak: 155.0000
  mom_1: 145.0000
  body_ratio: 145.0000
  vwap_dist_20: 132.0000
Fold result: accuracy=0.8833, bets/month=1652.46, trades=1140, sharpe=55.921

Multi-fold combined (3 folds): accuracy=0.8839, bets/month=1718.65, Sharpe=49.347, total_return=0.1744, trades=3557
Training best models on full data...
Recent training data: 5761 samples
Selected 4 top models for retraining
  Retraining model 1/4 (lightgbm)
    Done
  Retraining model 2/4 (lightgbm)
    Done
  Retraining model 3/4 (lightgbm)
    Done
  Retraining model 4/4 (lightgbm)
    Done
Generated 2880 current signals
Latest signal: -1 (1=UP, 0=DOWN, -1=NO TRADE)
Results saved to results/20260318_144907
============================================================
STEP COMPLETE
Metrics: {
  "timestamp": "2026-03-18T14:49:07.275939",
  "accuracy": 0.8839262620988795,
  "bets_per_month": 1718.6520634920635,
  "sharpe": 49.34720942448394,
  "max_drawdown": 0.002409341946617168,
  "total_return": 0.1744282076465317,
  "latest_signal": -1,
  "population_fitness": {
    "0": 0.9738333333333333,
    "1": 0.973,
    "2": 0.9728333333333333,
    "3": 0.963,
    "4": 0.9611666666666666
  }
}
============================================================
[main] Feature selection: saved top 300 features (from 484 total)

Step completed. Latest signal: -1
Accuracy: 0.8839, Bets/month: 1718.65
