[main] main() started
============================================================
RUNNING ONLINE STEP
============================================================
Loading data from data/btcusdt_15m.csv
Loaded 77450 rows of data
Date range: 2024-01-01 00:00:00 to 2026-03-17 18:15:00
Online mode: limited data to last 180 days (17281 rows)
[main] Starting feature preparation...
Preparing features...
  Generating horizon features...
[horizon] Starting feature generation: 17281 rows, horizons=['15m', '30m', '1h', '2h', '4h', '8h', '12h', '24h']
[horizon] Computing base 15m features...
[horizon]   Technical indicators computed
[horizon]   Regime features computed
[horizon] Base features ready
[horizon] Horizon 15m: using base features
[horizon] Merging 60 features for horizon 15m...
[horizon]   Merged (result now has 17281 rows, 61 cols)
[horizon] Horizon 30m: resampling by factor 2...
[horizon]   Resampled to 8641 rows
[horizon]   Adding technical indicators...
[horizon]   Adding regime features...
[horizon]   Horizon 30m features prepared (8641 rows)
[horizon] Merging 60 features for horizon 30m...
[horizon]   Merged (result now has 17281 rows, 121 cols)
[horizon] Horizon 1h: resampling by factor 4...
[horizon]   Resampled to 4321 rows
[horizon]   Adding technical indicators...
[horizon]   Adding regime features...
[horizon]   Horizon 1h features prepared (4321 rows)
[horizon] Merging 60 features for horizon 1h...
[horizon]   Merged (result now has 17281 rows, 181 cols)
[horizon] Horizon 2h: resampling by factor 8...
[horizon]   Resampled to 2161 rows
[horizon]   Adding technical indicators...
[horizon]   Adding regime features...
[horizon]   Horizon 2h features prepared (2161 rows)
[horizon] Merging 60 features for horizon 2h...
[horizon]   Merged (result now has 17281 rows, 241 cols)
[horizon] Horizon 4h: resampling by factor 16...
[horizon]   Resampled to 1081 rows
[horizon]   Adding technical indicators...
[horizon]   Adding regime features...
[horizon]   Horizon 4h features prepared (1081 rows)
[horizon] Merging 60 features for horizon 4h...
[horizon]   Merged (result now has 17281 rows, 301 cols)
[horizon] Horizon 8h: resampling by factor 32...
[horizon]   Resampled to 541 rows
[horizon]   Adding technical indicators...
[horizon]   Adding regime features...
[horizon]   Horizon 8h features prepared (541 rows)
[horizon] Merging 60 features for horizon 8h...
[horizon]   Merged (result now has 17281 rows, 361 cols)
[horizon] Horizon 12h: resampling by factor 48...
[horizon]   Resampled to 361 rows
[horizon]   Adding technical indicators...
[horizon]   Adding regime features...
[horizon]   Horizon 12h features prepared (361 rows)
[horizon] Merging 60 features for horizon 12h...
[horizon]   Merged (result now has 17281 rows, 421 cols)
[horizon] Horizon 24h: resampling by factor 96...
[horizon]   Resampled to 181 rows
[horizon]   Adding technical indicators...
[horizon]   Adding regime features...
[horizon]   Horizon 24h features prepared (181 rows)
[horizon] Merging 60 features for horizon 24h...
[horizon]   Merged (result now has 17281 rows, 481 cols)
[horizon] Forward filling missing values...
[horizon] Feature generation complete: 17281 rows, 485 columns
Prepared 15434 samples with 494 columns
Feature count: 484
[main] Feature preparation complete: 15434 rows, 484 features
Limited training to 6000 most recent samples
Evolving population (input_dim=484)...
  Generation 1/1
    Training individual 1/7 (lightgbm)
      -> fitness=0.9738
    Training individual 2/7 (lightgbm)
      -> fitness=0.9655
    Training individual 3/7 (lightgbm)
      -> fitness=0.9630
    Training individual 4/7 (lightgbm)
      -> fitness=0.9660
    Training individual 5/7 (lightgbm)
      -> fitness=0.9730
    Training individual 6/7 (lightgbm)
      -> fitness=0.9727
    Training individual 7/7 (lightgbm)
      -> fitness=0.8610
    Best fitness: 0.9738 (model=lightgbm)
Using 11521 recent samples for walk-forward validation (max 120 days)
Running multi-fold walk-forward validation...

Fold 1/3: train=5473, valid=2016
    Gen 1: best_train_fitness=0.9739 (lightgbm)
  Model 1: profit_factor=1.2530
  Model 2: profit_factor=1.0647
  Model 3: profit_factor=1.1868
  Model 4: profit_factor=1.1641
  Model 5: profit_factor=1.2216
  Model 6: profit_factor=1.1390
  Model 7: profit_factor=1.0647

Top 10 feature importances:
  vwap_dist_10: 441.0000
  vwap_dist_5_30m: 411.0000
  mom_1: 274.0000
  stoch_k_5: 261.0000
  stoch_k_14: 255.0000
  bb_position: 218.0000
  stoch_k_5_30m: 214.0000
  upper_wick_ratio_30m: 212.0000
  lower_wick_ratio_30m: 211.0000
  mom_1_30m: 200.0000
Fold result: accuracy=0.9046, bets/month=1610.42, trades=1111, sharpe=42.539

Fold 2/3: train=6000, valid=2016
    Gen 1: best_train_fitness=0.9770 (lightgbm)
  Model 1: profit_factor=1.4810
  Model 2: profit_factor=1.5063
  Model 3: profit_factor=1.4787
  Model 4: profit_factor=1.4509
  Model 5: profit_factor=1.5331
  Model 6: profit_factor=1.4709
  Model 7: profit_factor=1.4100

Top 10 feature importances:
  vwap_dist_10: 305.0000
  vwap_dist_5_30m: 273.0000
  mom_1: 195.0000
  stoch_k_5: 180.0000
  stoch_k_14: 162.0000
  mom_1_30m: 158.0000
  vwap_dist_5: 151.0000
  lower_wick_ratio_30m: 146.0000
  upper_wick_ratio_30m: 143.0000
  stoch_k_5_30m: 128.0000
Fold result: accuracy=0.8720, bets/month=1743.78, trades=1203, sharpe=54.294

Fold 3/3: train=6000, valid=2016
    Gen 1: best_train_fitness=0.9777 (lightgbm)
  Model 1: profit_factor=1.4531
  Model 2: profit_factor=1.4543
  Model 3: profit_factor=1.4626
  Model 4: profit_factor=1.3916
  Model 5: profit_factor=1.4792
  Model 6: profit_factor=1.5323
  Model 7: profit_factor=1.4243

Top 10 feature importances:
  vwap_dist_10: 480.0000
  stoch_k_14: 394.0000
  price_accel: 360.0000
  vwap_dist_5_30m: 356.0000
  rsi_roc_1: 349.0000
  upper_wick_ratio_30m: 321.0000
  mom_1: 310.0000
  candle_streak: 308.0000
  upper_wick_ratio: 298.0000
  body_ratio: 279.0000
Fold result: accuracy=0.8645, bets/month=1807.56, trades=1247, sharpe=53.509

Multi-fold combined (3 folds): accuracy=0.8795, bets/month=1720.58, Sharpe=50.114, total_return=0.1800, trades=3561
Training best models on full data...
Recent training data: 5761 samples
Selected 4 top models for retraining
  Retraining model 1/4 (lightgbm)
    Done
  Retraining model 2/4 (lightgbm)
    Done
  Retraining model 3/4 (lightgbm)
    Done
  Retraining model 4/4 (lightgbm)
    Done
Generated 2880 current signals
Latest signal: -1 (1=UP, 0=DOWN, -1=NO TRADE)
Results saved to results/20260318_143422
============================================================
STEP COMPLETE
Metrics: {
  "timestamp": "2026-03-18T14:34:22.860712",
  "accuracy": 0.8795282224094355,
  "bets_per_month": 1720.584761904762,
  "sharpe": 50.11404517456188,
  "max_drawdown": 0.002317975305834263,
  "total_return": 0.17999640237947698,
  "latest_signal": -1,
  "population_fitness": {
    "0": 0.9738333333333333,
    "1": 0.973,
    "2": 0.9726666666666667,
    "3": 0.966,
    "4": 0.9655
  }
}
============================================================
[main] Feature selection: saved top 300 features (from 484 total)

Step completed. Latest signal: -1
Accuracy: 0.8795, Bets/month: 1720.58
