[main] main() started
============================================================
RUNNING ONLINE STEP
============================================================
Loading data from data/btcusdt_15m.csv
Loaded 77450 rows of data
Date range: 2024-01-01 00:00:00 to 2026-03-17 18:15:00
Online mode: limited data to last 180 days (17281 rows)
[main] Starting feature preparation...
Preparing features...
  Generating horizon features...
[horizon] Starting feature generation: 17281 rows, horizons=['15m', '30m', '1h', '2h', '4h', '8h', '12h', '24h']
[horizon] Computing base 15m features...
[horizon]   Technical indicators computed
[horizon]   Regime features computed
[horizon] Base features ready
[horizon] Horizon 15m: using base features
[horizon] Merging 56 features for horizon 15m...
[horizon]   Merged (result now has 17281 rows, 57 cols)
[horizon] Horizon 30m: resampling by factor 2...
/home/julien/projects/Bittensor/Arbos/arbos_trading/features/horizon.py:31: FutureWarning: 'T' is deprecated and will be removed in a future version, please use 'min' instead.
  resampled = df_idx[["open", "high", "low", "close", "volume"]].resample(f"{horizon_minutes}T").agg({
[horizon]   Resampled to 8641 rows
[horizon]   Adding technical indicators...
[horizon]   Adding regime features...
[horizon]   Horizon 30m features prepared (8641 rows)
[horizon] Merging 56 features for horizon 30m...
[horizon]   Merged (result now has 17281 rows, 113 cols)
[horizon] Horizon 1h: resampling by factor 4...
/home/julien/projects/Bittensor/Arbos/arbos_trading/features/horizon.py:31: FutureWarning: 'T' is deprecated and will be removed in a future version, please use 'min' instead.
  resampled = df_idx[["open", "high", "low", "close", "volume"]].resample(f"{horizon_minutes}T").agg({
[horizon]   Resampled to 4321 rows
[horizon]   Adding technical indicators...
[horizon]   Adding regime features...
[horizon]   Horizon 1h features prepared (4321 rows)
[horizon] Merging 56 features for horizon 1h...
[horizon]   Merged (result now has 17281 rows, 169 cols)
[horizon] Horizon 2h: resampling by factor 8...
/home/julien/projects/Bittensor/Arbos/arbos_trading/features/horizon.py:31: FutureWarning: 'T' is deprecated and will be removed in a future version, please use 'min' instead.
  resampled = df_idx[["open", "high", "low", "close", "volume"]].resample(f"{horizon_minutes}T").agg({
[horizon]   Resampled to 2161 rows
[horizon]   Adding technical indicators...
[horizon]   Adding regime features...
[horizon]   Horizon 2h features prepared (2161 rows)
[horizon] Merging 56 features for horizon 2h...
[horizon]   Merged (result now has 17281 rows, 225 cols)
[horizon] Horizon 4h: resampling by factor 16...
/home/julien/projects/Bittensor/Arbos/arbos_trading/features/horizon.py:31: FutureWarning: 'T' is deprecated and will be removed in a future version, please use 'min' instead.
  resampled = df_idx[["open", "high", "low", "close", "volume"]].resample(f"{horizon_minutes}T").agg({
[horizon]   Resampled to 1081 rows
[horizon]   Adding technical indicators...
[horizon]   Adding regime features...
[horizon]   Horizon 4h features prepared (1081 rows)
[horizon] Merging 56 features for horizon 4h...
[horizon]   Merged (result now has 17281 rows, 281 cols)
[horizon] Horizon 8h: resampling by factor 32...
/home/julien/projects/Bittensor/Arbos/arbos_trading/features/horizon.py:31: FutureWarning: 'T' is deprecated and will be removed in a future version, please use 'min' instead.
  resampled = df_idx[["open", "high", "low", "close", "volume"]].resample(f"{horizon_minutes}T").agg({
[horizon]   Resampled to 541 rows
[horizon]   Adding technical indicators...
[horizon]   Adding regime features...
[horizon]   Horizon 8h features prepared (541 rows)
[horizon] Merging 56 features for horizon 8h...
[horizon]   Merged (result now has 17281 rows, 337 cols)
[horizon] Horizon 12h: resampling by factor 48...
/home/julien/projects/Bittensor/Arbos/arbos_trading/features/horizon.py:31: FutureWarning: 'T' is deprecated and will be removed in a future version, please use 'min' instead.
  resampled = df_idx[["open", "high", "low", "close", "volume"]].resample(f"{horizon_minutes}T").agg({
[horizon]   Resampled to 361 rows
[horizon]   Adding technical indicators...
[horizon]   Adding regime features...
[horizon]   Horizon 12h features prepared (361 rows)
[horizon] Merging 56 features for horizon 12h...
[horizon]   Merged (result now has 17281 rows, 393 cols)
[horizon] Horizon 24h: resampling by factor 96...
/home/julien/projects/Bittensor/Arbos/arbos_trading/features/horizon.py:31: FutureWarning: 'T' is deprecated and will be removed in a future version, please use 'min' instead.
  resampled = df_idx[["open", "high", "low", "close", "volume"]].resample(f"{horizon_minutes}T").agg({
[horizon]   Resampled to 181 rows
[horizon]   Adding technical indicators...
[horizon]   Adding regime features...
[horizon]   Horizon 24h features prepared (181 rows)
[horizon] Merging 56 features for horizon 24h...
[horizon]   Merged (result now has 17281 rows, 449 cols)
[horizon] Forward filling missing values...
[horizon] Feature generation complete: 17281 rows, 449 columns
Prepared 14474 samples with 458 columns
Feature count: 448
[main] Feature preparation complete: 14474 rows, 448 features
Limited training to 6000 most recent samples
Evolving population (input_dim=448)...
  Generation 1/1
    Training individual 1/7 (lightgbm)
      -> fitness=1.0000
    Training individual 2/7 (lightgbm)
      -> fitness=1.0000
    Training individual 3/7 (lightgbm)
      -> fitness=1.0000
    Training individual 4/7 (lightgbm)
      -> fitness=1.0000
    Training individual 5/7 (lightgbm)
      -> fitness=0.9883
    Training individual 6/7 (lightgbm)
      -> fitness=0.9905
    Training individual 7/7 (lightgbm)
      -> fitness=1.0000
    Best fitness: 1.0000 (model=lightgbm)
Using 11521 recent samples for walk-forward validation (max 120 days)
Running multi-fold walk-forward validation...

Fold 1/3: train=5473, valid=2016
    Gen 1: best_train_fitness=1.0000 (lightgbm)
  Model 1: profit_factor=1.0734
  Model 2: profit_factor=1.1381
  Model 3: profit_factor=1.0847
  Model 4: profit_factor=1.0752
  Model 5: profit_factor=1.1177
  Model 6: profit_factor=1.0634
  Model 7: profit_factor=1.0333

Top 10 feature importances:
  mom_1: 513.0000
  mom_2: 429.0000
  mom_3: 316.0000
  mom_1_30m: 315.0000
  upper_shadow_30m: 303.0000
  lower_shadow_30m: 269.0000
  mom_5: 267.0000
  ret_lag_4: 265.0000
  body_ratio: 262.0000
  mom_2_30m: 227.0000
Fold result: accuracy=0.8491, bets/month=1997.44, trades=1378, sharpe=29.724

Fold 2/3: train=6000, valid=2016
    Gen 1: best_train_fitness=1.0000 (lightgbm)
  Model 1: profit_factor=1.6076
  Model 2: profit_factor=1.5146
  Model 3: profit_factor=1.5316
  Model 4: profit_factor=1.5748
  Model 5: profit_factor=1.6329
  Model 6: profit_factor=1.4623
  Model 7: profit_factor=1.5917

Top 10 feature importances:
  mom_1: 332.0000
  mom_2: 316.0000
  mom_1_30m: 300.0000
  lower_shadow_30m: 222.0000
  mom_3: 221.0000
  upper_shadow_30m: 204.0000
  ret_lag_4: 194.0000
  mom_5: 191.0000
  obv_norm: 187.0000
  body_ratio: 187.0000
Fold result: accuracy=0.8921, bets/month=1545.19, trades=1066, sharpe=57.716

Fold 3/3: train=6000, valid=2016
    Gen 1: best_train_fitness=1.0000 (lightgbm)
  Model 1: profit_factor=1.3735
  Model 2: profit_factor=1.2942
  Model 3: profit_factor=1.3447
  Model 4: profit_factor=1.3517
  Model 5: profit_factor=1.2537
  Model 6: profit_factor=1.2922
  Model 7: profit_factor=1.2537

Top 10 feature importances:
  mom_2: 707.0000
  mom_1: 698.0000
  mom_3: 592.0000
  body_ratio: 572.0000
  upper_shadow_30m: 544.0000
  mom_5: 537.0000
  lower_shadow: 534.0000
  ret_lag_2: 532.0000
  ret_lag_4: 528.0000
  ret_lag_6: 521.0000
Fold result: accuracy=0.8431, bets/month=1977.15, trades=1364, sharpe=43.358

Multi-fold combined (3 folds): accuracy=0.8590, bets/month=1839.93, Sharpe=43.599, total_return=0.1602, trades=3808
Training best models on full data...
Recent training data: 5761 samples
Selected 2 top models for retraining
  Retraining model 1/2 (lightgbm)
    Done
  Retraining model 2/2 (lightgbm)
    Done
Training horizon ensemble for 7 horizons...
  Horizon 30m (factor=2)
/home/julien/projects/Bittensor/Arbos/arbos_trading/data/processor.py:56: FutureWarning: 'T' is deprecated and will be removed in a future version, please use 'min' instead.
  resampled = df_idx[["open", "high", "low", "close", "volume"]].resample(f"{horizon_minutes}T").agg({
    Resampled to 2881 rows
    Prepared 2850 samples with 64 features
  Horizon 1h (factor=4)
/home/julien/projects/Bittensor/Arbos/arbos_trading/data/processor.py:56: FutureWarning: 'T' is deprecated and will be removed in a future version, please use 'min' instead.
  resampled = df_idx[["open", "high", "low", "close", "volume"]].resample(f"{horizon_minutes}T").agg({
    Resampled to 1441 rows
    Prepared 1410 samples with 64 features
  Horizon 2h (factor=8)
/home/julien/projects/Bittensor/Arbos/arbos_trading/data/processor.py:56: FutureWarning: 'T' is deprecated and will be removed in a future version, please use 'min' instead.
  resampled = df_idx[["open", "high", "low", "close", "volume"]].resample(f"{horizon_minutes}T").agg({
    Resampled to 721 rows
    Prepared 690 samples with 64 features
  Horizon 4h (factor=16)
/home/julien/projects/Bittensor/Arbos/arbos_trading/data/processor.py:56: FutureWarning: 'T' is deprecated and will be removed in a future version, please use 'min' instead.
  resampled = df_idx[["open", "high", "low", "close", "volume"]].resample(f"{horizon_minutes}T").agg({
    Resampled to 361 rows
    Prepared 330 samples with 64 features
  Horizon 8h (factor=32)
/home/julien/projects/Bittensor/Arbos/arbos_trading/data/processor.py:56: FutureWarning: 'T' is deprecated and will be removed in a future version, please use 'min' instead.
  resampled = df_idx[["open", "high", "low", "close", "volume"]].resample(f"{horizon_minutes}T").agg({
    Resampled to 181 rows
    Prepared 150 samples with 64 features
  Horizon 12h (factor=48)
/home/julien/projects/Bittensor/Arbos/arbos_trading/data/processor.py:56: FutureWarning: 'T' is deprecated and will be removed in a future version, please use 'min' instead.
  resampled = df_idx[["open", "high", "low", "close", "volume"]].resample(f"{horizon_minutes}T").agg({
    Resampled to 121 rows
    Prepared 90 samples with 64 features
  Horizon 24h (factor=96)
/home/julien/projects/Bittensor/Arbos/arbos_trading/data/processor.py:56: FutureWarning: 'T' is deprecated and will be removed in a future version, please use 'min' instead.
  resampled = df_idx[["open", "high", "low", "close", "volume"]].resample(f"{horizon_minutes}T").agg({
    Resampled to 61 rows
Fitting horizon ensembles for 6 horizons
  Horizon 30m (1/6): processing 2850 rows
    Feature count: 56, training samples: 2850
    Training 5 models...
[horizon]   Training model 1/5 (random_forest)...
[horizon]   Model 1 trained
[horizon]   Training model 2/5 (random_forest)...
