[main] main() started
============================================================
RUNNING ONLINE STEP
============================================================
Loading data from data/btcusdt_15m.csv
Last candle: 2026-03-19 00:00:00 (age: 6.2 min)
Loaded 77569 rows of data
Date range: 2024-01-01 00:00:00 to 2026-03-19 00:00:00
Online mode: limited data to last 180 days (17281 rows)
[main] Starting feature preparation...
Preparing features...
[futures] Loaded cached futures features (77566 rows, age=0.9h)
  Merged 16 futures features (funding rate, L/S, OI)
  Generating horizon features...
[horizon] Starting feature generation: 17281 rows, horizons=['15m', '30m', '1h', '2h', '4h', '8h', '12h', '24h']
[horizon] Computing base 15m features...
[horizon]   Technical indicators computed
[horizon]   Regime features computed
[horizon] Base features ready
[horizon] Horizon 15m: using base features
[horizon]   Merged (result now has 17281 rows, 85 cols)
[horizon] Horizon 30m: resampling by factor 2...
/home/julien/projects/Bittensor/Arbos/arbos_trading/features/horizon.py:30: FutureWarning: 'T' is deprecated and will be removed in a future version, please use 'min' instead.
  .resample(f"{horizon_minutes}T")
[horizon]   Resampled to 8641 rows
[horizon]   Adding technical indicators...
[horizon]   Adding regime features...
[horizon]   Horizon 30m features prepared (8641 rows)
[horizon] Merging 56 features for horizon 30m...
[horizon]   Merged (result now has 17281 rows, 141 cols)
[horizon] Horizon 1h: resampling by factor 4...
/home/julien/projects/Bittensor/Arbos/arbos_trading/features/horizon.py:30: FutureWarning: 'T' is deprecated and will be removed in a future version, please use 'min' instead.
  .resample(f"{horizon_minutes}T")
[horizon]   Resampled to 4321 rows
[horizon]   Adding technical indicators...
[horizon]   Adding regime features...
[horizon]   Horizon 1h features prepared (4321 rows)
[horizon] Merging 56 features for horizon 1h...
[horizon]   Merged (result now has 17281 rows, 197 cols)
[horizon] Horizon 2h: resampling by factor 8...
/home/julien/projects/Bittensor/Arbos/arbos_trading/features/horizon.py:30: FutureWarning: 'T' is deprecated and will be removed in a future version, please use 'min' instead.
  .resample(f"{horizon_minutes}T")
[horizon]   Resampled to 2161 rows
[horizon]   Adding technical indicators...
[horizon]   Adding regime features...
[horizon]   Horizon 2h features prepared (2161 rows)
[horizon] Merging 56 features for horizon 2h...
[horizon]   Merged (result now has 17281 rows, 253 cols)
[horizon] Horizon 4h: resampling by factor 16...
/home/julien/projects/Bittensor/Arbos/arbos_trading/features/horizon.py:30: FutureWarning: 'T' is deprecated and will be removed in a future version, please use 'min' instead.
  .resample(f"{horizon_minutes}T")
[horizon]   Resampled to 1081 rows
[horizon]   Adding technical indicators...
[horizon]   Adding regime features...
[horizon]   Horizon 4h features prepared (1081 rows)
[horizon] Merging 56 features for horizon 4h...
[horizon]   Merged (result now has 17281 rows, 309 cols)
[horizon] Horizon 8h: resampling by factor 32...
/home/julien/projects/Bittensor/Arbos/arbos_trading/features/horizon.py:30: FutureWarning: 'T' is deprecated and will be removed in a future version, please use 'min' instead.
  .resample(f"{horizon_minutes}T")
[horizon]   Resampled to 541 rows
[horizon]   Adding technical indicators...
[horizon]   Adding regime features...
[horizon]   Horizon 8h features prepared (541 rows)
[horizon] Merging 56 features for horizon 8h...
[horizon]   Merged (result now has 17281 rows, 365 cols)
[horizon] Horizon 12h: resampling by factor 48...
/home/julien/projects/Bittensor/Arbos/arbos_trading/features/horizon.py:30: FutureWarning: 'T' is deprecated and will be removed in a future version, please use 'min' instead.
  .resample(f"{horizon_minutes}T")
[horizon]   Resampled to 361 rows
[horizon]   Adding technical indicators...
[horizon]   Adding regime features...
[horizon]   Horizon 12h features prepared (361 rows)
[horizon] Merging 56 features for horizon 12h...
[horizon]   Merged (result now has 17281 rows, 421 cols)
[horizon] Horizon 24h: resampling by factor 96...
/home/julien/projects/Bittensor/Arbos/arbos_trading/features/horizon.py:30: FutureWarning: 'T' is deprecated and will be removed in a future version, please use 'min' instead.
  .resample(f"{horizon_minutes}T")
[horizon]   Resampled to 181 rows
[horizon]   Adding technical indicators...
[horizon]   Adding regime features...
[horizon]   Horizon 24h features prepared (181 rows)
[horizon] Merging 56 features for horizon 24h...
[horizon]   Merged (result now has 17281 rows, 477 cols)
[horizon] Forward filling missing values...
[horizon] Feature generation complete: 17281 rows, 477 columns
Prepared 14306 samples with 504 columns
Feature count: 492
[main] Feature preparation complete: 14306 rows, 492 features
Limited training to 5000 most recent samples
Evolving population (input_dim=492)...
  Generation 1/1
    Training individual 1/7 (lightgbm)
      -> fitness=0.9662
    Training individual 2/7 (lightgbm)
      -> fitness=0.9816
    Training individual 3/7 (lightgbm)
      -> fitness=0.9994
    Training individual 4/7 (lightgbm)
      -> fitness=0.9904
    Training individual 5/7 (lightgbm)
      -> fitness=0.9244
    Training individual 6/7 (lightgbm)
      -> fitness=1.0000
    Training individual 7/7 (lightgbm)
      -> fitness=0.9994
    Best fitness: 1.0000 (model=lightgbm)
Using 11521 recent samples for walk-forward validation (max 120 days)
Running multi-fold walk-forward validation...

Fold 1/3: train=5000, valid=2016
    Gen 1: best_train_fitness=0.9010 (lightgbm)
  Model 1: profit_factor=0.6333
  Model 2: profit_factor=0.7209
  Model 3: profit_factor=0.6798
  Model 4: profit_factor=0.6852
  Model 5: profit_factor=0.6985
  Model 6: profit_factor=0.6736
  Model 7: profit_factor=0.6841

Top 10 feature importances:
  ret_lag_5: 36.0000
  mom_2: 35.0000
  ret_lag_5_1h: 35.0000
  mom_1: 34.0000
  lower_shadow: 32.0000
  rsi: 31.0000
  taker_buy_ratio_ma5: 31.0000
  vwap_dev: 31.0000
  volume_ratio_5: 29.0000
  ret_lag_4: 27.0000
  Rule signal count: 75 (~107/month), threshold=0.0018
Fold result: accuracy=0.5345, bets/month=2223.57, trades=1534, sharpe=-16.106

Fold 2/3: train=5000, valid=2016
    Gen 1: best_train_fitness=0.9740 (lightgbm)
  Model 1: profit_factor=0.7833
  Model 2: profit_factor=0.8501
  Model 3: profit_factor=0.8289
  Model 4: profit_factor=0.7823
  Model 5: profit_factor=0.7505
  Model 6: profit_factor=0.7543
  Model 7: profit_factor=0.7452

Top 10 feature importances:
  ret_lag_4_30m: 59.0000
  ret_lag_6_30m: 49.0000
  ret_lag_8_2h: 47.0000
  mom_1: 44.0000
  ret_lag_9_2h: 39.0000
  ret_lag_8_30m: 36.0000
  lower_shadow_30m: 34.0000
  ret_lag_5_1h: 33.0000
  stoch_k: 31.0000
  mom_1_30m: 30.0000
  Rule signal count: 110 (~157/month), threshold=0.0019
Fold result: accuracy=0.5196, bets/month=1916.27, trades=1322, sharpe=-9.113

Fold 3/3: train=5000, valid=2016
    Gen 1: best_train_fitness=0.8954 (lightgbm)
  Model 1: profit_factor=0.8159
  Model 2: profit_factor=0.8437
  Model 3: profit_factor=0.7986
  Model 4: profit_factor=0.7863
  Model 5: profit_factor=0.7943
  Model 6: profit_factor=0.7997
  Model 7: profit_factor=0.8272

Top 10 feature importances:
  ret_lag_5: 45.0000
  ret_lag_9: 43.0000
  stoch_d: 40.0000
  obv_norm: 36.0000
  mom_2: 35.0000
  ret_lag_6: 33.0000
  mom_1: 31.0000
  taker_buy_ratio_ma5: 31.0000
  ret_lag_10_2h: 31.0000
  ret_lag_4: 29.0000
  Rule signal count: 72 (~103/month), threshold=0.0024
Fold result: accuracy=0.5556, bets/month=2032.23, trades=1402, sharpe=-7.809

Multi-fold combined (3 folds): accuracy=0.5368, bets/month=2057.36, Sharpe=-11.009, total_return=-0.0675, trades=4258
Training best models on full data...
Recent training data: 5761 samples
Selected 2 top models for retraining
  Retraining model 1/2 (lightgbm)
    Done
  Retraining model 2/2 (lightgbm)
    Done
Training horizon ensemble for 7 horizons...
  Horizon 30m (factor=2)
/home/julien/projects/Bittensor/Arbos/arbos_trading/data/processor.py:56: FutureWarning: 'T' is deprecated and will be removed in a future version, please use 'min' instead.
  resampled = df_idx[["open", "high", "low", "close", "volume"]].resample(f"{horizon_minutes}T").agg({
    Resampled to 2881 rows
    Prepared 2850 samples with 64 features
  Horizon 1h (factor=4)
/home/julien/projects/Bittensor/Arbos/arbos_trading/data/processor.py:56: FutureWarning: 'T' is deprecated and will be removed in a future version, please use 'min' instead.
  resampled = df_idx[["open", "high", "low", "close", "volume"]].resample(f"{horizon_minutes}T").agg({
    Resampled to 1441 rows
    Prepared 1410 samples with 64 features
  Horizon 2h (factor=8)
/home/julien/projects/Bittensor/Arbos/arbos_trading/data/processor.py:56: FutureWarning: 'T' is deprecated and will be removed in a future version, please use 'min' instead.
  resampled = df_idx[["open", "high", "low", "close", "volume"]].resample(f"{horizon_minutes}T").agg({
    Resampled to 721 rows
    Prepared 690 samples with 64 features
  Horizon 4h (factor=16)
/home/julien/projects/Bittensor/Arbos/arbos_trading/data/processor.py:56: FutureWarning: 'T' is deprecated and will be removed in a future version, please use 'min' instead.
  resampled = df_idx[["open", "high", "low", "close", "volume"]].resample(f"{horizon_minutes}T").agg({
    Resampled to 361 rows
    Prepared 330 samples with 64 features
  Horizon 8h (factor=32)
/home/julien/projects/Bittensor/Arbos/arbos_trading/data/processor.py:56: FutureWarning: 'T' is deprecated and will be removed in a future version, please use 'min' instead.
  resampled = df_idx[["open", "high", "low", "close", "volume"]].resample(f"{horizon_minutes}T").agg({
    Resampled to 181 rows
    Prepared 150 samples with 64 features
  Horizon 12h (factor=48)
/home/julien/projects/Bittensor/Arbos/arbos_trading/data/processor.py:56: FutureWarning: 'T' is deprecated and will be removed in a future version, please use 'min' instead.
  resampled = df_idx[["open", "high", "low", "close", "volume"]].resample(f"{horizon_minutes}T").agg({
    Resampled to 121 rows
    Prepared 90 samples with 64 features
  Horizon 24h (factor=96)
/home/julien/projects/Bittensor/Arbos/arbos_trading/data/processor.py:56: FutureWarning: 'T' is deprecated and will be removed in a future version, please use 'min' instead.
  resampled = df_idx[["open", "high", "low", "close", "volume"]].resample(f"{horizon_minutes}T").agg({
    Resampled to 61 rows
Fitting horizon ensembles for 6 horizons
  Horizon 30m (1/6): processing 2850 rows
    Feature count: 56, training samples: 2850
    Training 5 models...
[horizon]   Training model 1/5 (random_forest)...
[horizon]   Model 1 trained
[horizon]   Training model 2/5 (random_forest)...
[horizon]   Model 2 trained
[horizon]   Training model 3/5 (random_forest)...
[horizon]   Model 3 trained
[horizon]   Training model 4/5 (random_forest)...
[horizon]   Model 4 trained
[horizon]   Training model 5/5 (random_forest)...
[horizon]   Model 5 trained
    Completed horizon 30m
  Horizon 1h (2/6): processing 1410 rows
    Feature count: 56, training samples: 1410
    Training 5 models...
[horizon]   Training model 1/5 (random_forest)...
[horizon]   Model 1 trained
[horizon]   Training model 2/5 (random_forest)...
[horizon]   Model 2 trained
[horizon]   Training model 3/5 (random_forest)...
[horizon]   Model 3 trained
[horizon]   Training model 4/5 (random_forest)...
[horizon]   Model 4 trained
[horizon]   Training model 5/5 (random_forest)...
[horizon]   Model 5 trained
    Completed horizon 1h
  Horizon 2h (3/6): processing 690 rows
    Feature count: 56, training samples: 690
    Training 5 models...
[horizon]   Training model 1/5 (random_forest)...
[horizon]   Model 1 trained
[horizon]   Training model 2/5 (random_forest)...
[horizon]   Model 2 trained
[horizon]   Training model 3/5 (random_forest)...
[horizon]   Model 3 trained
[horizon]   Training model 4/5 (random_forest)...
[horizon]   Model 4 trained
[horizon]   Training model 5/5 (random_forest)...
[horizon]   Model 5 trained
    Completed horizon 2h
  Horizon 4h (4/6): processing 330 rows
    Feature count: 56, training samples: 330
    Training 5 models...
[horizon]   Training model 1/5 (random_forest)...
[horizon]   Model 1 trained
[horizon]   Training model 2/5 (random_forest)...
[horizon]   Model 2 trained
[horizon]   Training model 3/5 (random_forest)...
[horizon]   Model 3 trained
[horizon]   Training model 4/5 (random_forest)...
[horizon]   Model 4 trained
[horizon]   Training model 5/5 (random_forest)...
[horizon]   Model 5 trained
    Completed horizon 4h
  Horizon 8h (5/6): processing 150 rows
    Feature count: 56, training samples: 150
    Training 5 models...
[horizon]   Training model 1/5 (random_forest)...
[horizon]   Model 1 trained
[horizon]   Training model 2/5 (random_forest)...
[horizon]   Model 2 trained
[horizon]   Training model 3/5 (random_forest)...
[horizon]   Model 3 trained
[horizon]   Training model 4/5 (random_forest)...
[horizon]   Model 4 trained
[horizon]   Training model 5/5 (random_forest)...
[horizon]   Model 5 trained
    Completed horizon 8h
  Horizon 12h (6/6): processing 90 rows
    Feature count: 56, training samples: 90
    Training 5 models...
[horizon]   Training model 1/5 (random_forest)...
[horizon]   Model 1 trained
[horizon]   Training model 2/5 (random_forest)...
[horizon]   Model 2 trained
[horizon]   Training model 3/5 (random_forest)...
[horizon]   Model 3 trained
[horizon]   Training model 4/5 (random_forest)...
[horizon]   Model 4 trained
[horizon]   Training model 5/5 (random_forest)...
[horizon]   Model 5 trained
    Completed horizon 12h
All horizon ensembles fitted
Horizon ensemble training complete
Generated 2880 current signals
Latest signal: -1 (1=UP, 0=DOWN, -1=NO TRADE)
Results saved to results/20260319_001037
============================================================
STEP COMPLETE
Metrics: {
  "timestamp": "2026-03-19T00:10:37.816051",
  "accuracy": 0.5368463397507895,
  "bets_per_month": 2057.35746031746,
  "sharpe": -11.009330041558764,
  "max_drawdown": 0.03614721371844146,
  "total_return": -0.06746544131983409,
  "latest_signal": -1,
  "population_fitness": {
    "0": 1.0,
    "1": 0.9994,
    "2": 0.9994,
    "3": 0.9904,
    "4": 0.9816
  }
}
============================================================

Step completed. Latest signal: -1
Accuracy: 0.5368, Bets/month: 2057.36
