[main] main() started
============================================================
RUNNING ONLINE STEP
============================================================
Loading data from data/btcusdt_15m.csv
Loaded 77450 rows of data
Date range: 2024-01-01 00:00:00 to 2026-03-17 18:15:00
Online mode: limited data to last 180 days (17281 rows)
[main] Starting feature preparation...
Preparing features...
  Generating horizon features...
[horizon] Starting feature generation: 17281 rows, horizons=['15m', '30m', '1h', '2h', '4h', '8h', '12h', '24h']
[horizon] Computing base 15m features...
[horizon]   Technical indicators computed
[horizon]   Regime features computed
[horizon] Base features ready
[horizon] Horizon 15m: using base features
[horizon] Merging 60 features for horizon 15m...
[horizon]   Merged (result now has 17281 rows, 61 cols)
[horizon] Horizon 30m: resampling by factor 2...
[horizon]   Resampled to 8641 rows
[horizon]   Adding technical indicators...
[horizon]   Adding regime features...
[horizon]   Horizon 30m features prepared (8641 rows)
[horizon] Merging 60 features for horizon 30m...
[horizon]   Merged (result now has 17281 rows, 121 cols)
[horizon] Horizon 1h: resampling by factor 4...
[horizon]   Resampled to 4321 rows
[horizon]   Adding technical indicators...
[horizon]   Adding regime features...
[horizon]   Horizon 1h features prepared (4321 rows)
[horizon] Merging 60 features for horizon 1h...
[horizon]   Merged (result now has 17281 rows, 181 cols)
[horizon] Horizon 2h: resampling by factor 8...
[horizon]   Resampled to 2161 rows
[horizon]   Adding technical indicators...
[horizon]   Adding regime features...
[horizon]   Horizon 2h features prepared (2161 rows)
[horizon] Merging 60 features for horizon 2h...
[horizon]   Merged (result now has 17281 rows, 241 cols)
[horizon] Horizon 4h: resampling by factor 16...
[horizon]   Resampled to 1081 rows
[horizon]   Adding technical indicators...
[horizon]   Adding regime features...
[horizon]   Horizon 4h features prepared (1081 rows)
[horizon] Merging 60 features for horizon 4h...
[horizon]   Merged (result now has 17281 rows, 301 cols)
[horizon] Horizon 8h: resampling by factor 32...
[horizon]   Resampled to 541 rows
[horizon]   Adding technical indicators...
[horizon]   Adding regime features...
[horizon]   Horizon 8h features prepared (541 rows)
[horizon] Merging 60 features for horizon 8h...
[horizon]   Merged (result now has 17281 rows, 361 cols)
[horizon] Horizon 12h: resampling by factor 48...
[horizon]   Resampled to 361 rows
[horizon]   Adding technical indicators...
[horizon]   Adding regime features...
[horizon]   Horizon 12h features prepared (361 rows)
[horizon] Merging 60 features for horizon 12h...
[horizon]   Merged (result now has 17281 rows, 421 cols)
[horizon] Horizon 24h: resampling by factor 96...
[horizon]   Resampled to 181 rows
[horizon]   Adding technical indicators...
[horizon]   Adding regime features...
[horizon]   Horizon 24h features prepared (181 rows)
[horizon] Merging 60 features for horizon 24h...
[horizon]   Merged (result now has 17281 rows, 481 cols)
[horizon] Forward filling missing values...
[horizon] Feature generation complete: 17281 rows, 485 columns
Prepared 15434 samples with 494 columns
Feature count: 484
[main] Feature preparation complete: 15434 rows, 484 features
[main] Applied feature selection: using 300 of 484 features
Limited training to 6000 most recent samples
Evolving population (input_dim=300)...
  Generation 1/1
    Training individual 1/5 (lightgbm)
      -> fitness=0.9727
    Training individual 2/5 (lightgbm)
      -> fitness=0.9548
    Training individual 3/5 (lightgbm)
      -> fitness=0.9742
    Training individual 4/5 (lightgbm)
      -> fitness=0.9723
    Training individual 5/5 (lightgbm)
      -> fitness=0.9703
    Best fitness: 0.9742 (model=lightgbm)
Using 11521 recent samples for walk-forward validation (max 120 days)
Running multi-fold walk-forward validation...

Fold 1/3: train=5473, valid=2016
    Gen 1: best_train_fitness=0.9722 (lightgbm)
  Model 1: profit_factor=1.1856
  Model 2: profit_factor=1.1485
  Model 3: profit_factor=1.1680
  Model 4: profit_factor=1.1954
  Model 5: profit_factor=1.2024

Top 10 feature importances:
  vwap_dist_10: 333.0000
  vwap_dist_5_30m: 247.0000
  stoch_k_14: 198.0000
  bb_position: 176.0000
  stoch_k_5: 174.0000
  mom_1: 171.0000
  candle_streak: 160.0000
  rsi_roc_1: 158.0000
  vwap_dist_20: 157.0000
  mom_1_30m: 156.0000
Fold result: accuracy=0.9046, bets/month=1671.30, trades=1153, sharpe=41.277

Fold 2/3: train=6000, valid=2016
    Gen 1: best_train_fitness=0.9782 (lightgbm)
  Model 1: profit_factor=1.4765
  Model 2: profit_factor=1.4857
  Model 3: profit_factor=1.5380
  Model 4: profit_factor=1.5976
  Model 5: profit_factor=1.4691

Top 10 feature importances:
  vwap_dist_10: 257.0000
  vwap_dist_5_30m: 249.0000
  mom_1: 159.0000
  stoch_k_5: 141.0000
  stoch_k_14: 140.0000
  mom_1_30m: 124.0000
  lower_wick_ratio_30m: 116.0000
  stoch_k_5_30m: 113.0000
  vwap_dist_5: 109.0000
  upper_wick_ratio_30m: 102.0000
Fold result: accuracy=0.8765, bets/month=1723.48, trades=1189, sharpe=56.571

Fold 3/3: train=6000, valid=2016
    Gen 1: best_train_fitness=0.9775 (lightgbm)
  Model 1: profit_factor=1.3512
  Model 2: profit_factor=1.4873
  Model 3: profit_factor=1.3512
  Model 4: profit_factor=1.4414
  Model 5: profit_factor=1.4873

Top 10 feature importances:
  vwap_dist_10: 291.0000
  vwap_dist_5_30m: 243.0000
  stoch_k_14: 168.0000
  vwap_dist_20: 168.0000
  upper_wick_ratio_30m: 148.0000
  vwap_dist_10_30m: 146.0000
  mom_1: 138.0000
  stoch_k_5_30m: 136.0000
  candle_streak: 126.0000
  mom_1_30m: 125.0000
Fold result: accuracy=0.8692, bets/month=1762.62, trades=1216, sharpe=53.390

Multi-fold combined (3 folds): accuracy=0.8831, bets/month=1719.14, Sharpe=50.413, total_return=0.1785, trades=3558
Training best models on full data...
Recent training data: 5761 samples
Selected 4 top models for retraining
  Retraining model 1/4 (lightgbm)
    Done
  Retraining model 2/4 (lightgbm)
    Done
  Retraining model 3/4 (lightgbm)
    Done
  Retraining model 4/4 (lightgbm)
    Done
Generated 2880 current signals
Latest signal: -1 (1=UP, 0=DOWN, -1=NO TRADE)
Results saved to results/20260318_125406
============================================================
STEP COMPLETE
Metrics: {
  "timestamp": "2026-03-18T12:54:06.473612",
  "accuracy": 0.8831151010151109,
  "bets_per_month": 1719.1352380952378,
  "sharpe": 50.41272749709818,
  "max_drawdown": 0.002205696625830127,
  "total_return": 0.17845379017993382,
  "latest_signal": -1,
  "population_fitness": {
    "0": 0.9741666666666666,
    "1": 0.9726666666666667,
    "2": 0.9723333333333334,
    "3": 0.9703333333333334,
    "4": 0.9548333333333333
  }
}
============================================================
[main] Feature selection: saved top 300 features (from 300 total)

Step completed. Latest signal: -1
Accuracy: 0.8831, Bets/month: 1719.14
