[main] main() started
============================================================
RUNNING ONLINE STEP
============================================================
Loading data from data/btcusdt_15m.csv
Loaded 77450 rows of data
Date range: 2024-01-01 00:00:00 to 2026-03-17 18:15:00
Online mode: limited data to last 180 days (17281 rows)
[main] Starting feature preparation...
Preparing features...
  Generating horizon features...
[horizon] Starting feature generation: 17281 rows, horizons=['15m', '30m', '1h', '2h', '4h', '8h', '12h', '24h']
[horizon] Computing base 15m features...
[horizon]   Technical indicators computed
[horizon]   Regime features computed
[horizon] Base features ready
[horizon] Horizon 15m: using base features
[horizon] Merging 31 features for horizon 15m...
[horizon]   Merged (result now has 17281 rows, 32 cols)
[horizon] Horizon 30m: resampling by factor 2...
/home/julien/projects/Bittensor/Arbos/arbos_trading/features/horizon.py:31: FutureWarning: 'T' is deprecated and will be removed in a future version, please use 'min' instead.
  resampled = df_idx[["open", "high", "low", "close", "volume"]].resample(f"{horizon_minutes}T").agg({
[horizon]   Resampled to 8641 rows
[horizon]   Adding technical indicators...
[horizon]   Adding regime features...
[horizon]   Horizon 30m features prepared (8641 rows)
[horizon] Merging 31 features for horizon 30m...
[horizon]   Merged (result now has 17281 rows, 63 cols)
[horizon] Horizon 1h: resampling by factor 4...
/home/julien/projects/Bittensor/Arbos/arbos_trading/features/horizon.py:31: FutureWarning: 'T' is deprecated and will be removed in a future version, please use 'min' instead.
  resampled = df_idx[["open", "high", "low", "close", "volume"]].resample(f"{horizon_minutes}T").agg({
[horizon]   Resampled to 4321 rows
[horizon]   Adding technical indicators...
[horizon]   Adding regime features...
[horizon]   Horizon 1h features prepared (4321 rows)
[horizon] Merging 31 features for horizon 1h...
[horizon]   Merged (result now has 17281 rows, 94 cols)
[horizon] Horizon 2h: resampling by factor 8...
/home/julien/projects/Bittensor/Arbos/arbos_trading/features/horizon.py:31: FutureWarning: 'T' is deprecated and will be removed in a future version, please use 'min' instead.
  resampled = df_idx[["open", "high", "low", "close", "volume"]].resample(f"{horizon_minutes}T").agg({
[horizon]   Resampled to 2161 rows
[horizon]   Adding technical indicators...
[horizon]   Adding regime features...
[horizon]   Horizon 2h features prepared (2161 rows)
[horizon] Merging 31 features for horizon 2h...
[horizon]   Merged (result now has 17281 rows, 125 cols)
[horizon] Horizon 4h: resampling by factor 16...
/home/julien/projects/Bittensor/Arbos/arbos_trading/features/horizon.py:31: FutureWarning: 'T' is deprecated and will be removed in a future version, please use 'min' instead.
  resampled = df_idx[["open", "high", "low", "close", "volume"]].resample(f"{horizon_minutes}T").agg({
[horizon]   Resampled to 1081 rows
[horizon]   Adding technical indicators...
[horizon]   Adding regime features...
[horizon]   Horizon 4h features prepared (1081 rows)
[horizon] Merging 31 features for horizon 4h...
[horizon]   Merged (result now has 17281 rows, 156 cols)
[horizon] Horizon 8h: resampling by factor 32...
/home/julien/projects/Bittensor/Arbos/arbos_trading/features/horizon.py:31: FutureWarning: 'T' is deprecated and will be removed in a future version, please use 'min' instead.
  resampled = df_idx[["open", "high", "low", "close", "volume"]].resample(f"{horizon_minutes}T").agg({
[horizon]   Resampled to 541 rows
[horizon]   Adding technical indicators...
[horizon]   Adding regime features...
[horizon]   Horizon 8h features prepared (541 rows)
[horizon] Merging 31 features for horizon 8h...
[horizon]   Merged (result now has 17281 rows, 187 cols)
[horizon] Horizon 12h: resampling by factor 48...
/home/julien/projects/Bittensor/Arbos/arbos_trading/features/horizon.py:31: FutureWarning: 'T' is deprecated and will be removed in a future version, please use 'min' instead.
  resampled = df_idx[["open", "high", "low", "close", "volume"]].resample(f"{horizon_minutes}T").agg({
[horizon]   Resampled to 361 rows
[horizon]   Adding technical indicators...
[horizon]   Adding regime features...
[horizon]   Horizon 12h features prepared (361 rows)
[horizon] Merging 31 features for horizon 12h...
[horizon]   Merged (result now has 17281 rows, 218 cols)
[horizon] Horizon 24h: resampling by factor 96...
/home/julien/projects/Bittensor/Arbos/arbos_trading/features/horizon.py:31: FutureWarning: 'T' is deprecated and will be removed in a future version, please use 'min' instead.
  resampled = df_idx[["open", "high", "low", "close", "volume"]].resample(f"{horizon_minutes}T").agg({
[horizon]   Resampled to 181 rows
[horizon]   Adding technical indicators...
[horizon]   Adding regime features...
[horizon]   Horizon 24h features prepared (181 rows)
[horizon] Merging 31 features for horizon 24h...
[horizon]   Merged (result now has 17281 rows, 249 cols)
[horizon] Forward filling missing values...
[horizon] Feature generation complete: 17281 rows, 249 columns
Prepared 15434 samples with 258 columns
Feature count: 248
[main] Feature preparation complete: 15434 rows, 248 features
Limited training to 6000 most recent samples
Evolving population (input_dim=248)...
  Generation 1/1
    Training individual 1/5 (gradient_boosting)
      -> fitness=0.8273
    Training individual 2/5 (gradient_boosting)
      -> fitness=0.8533
    Training individual 3/5 (extra_trees)
      -> fitness=0.8325
    Training individual 4/5 (random_forest)
      -> fitness=0.8915
    Training individual 5/5 (gradient_boosting)
      -> fitness=0.7598
    Best fitness: 0.8915 (model=random_forest)
Using 11521 recent samples for walk-forward validation (max 120 days)
Running multi-fold walk-forward validation...

Fold 1/3: train=5473, valid=2016
    Gen 1: best_train_fitness=0.9421 (random_forest)
  Model 1: profit_factor=0.8868
  Model 2: profit_factor=0.8748
  Model 3: profit_factor=0.8926
  Model 4: profit_factor=0.8815
  Model 5: profit_factor=1.0335
Fold result: accuracy=0.8599, bets/month=1137.88, trades=785, sharpe=33.997

Fold 2/3: train=6000, valid=2016
    Gen 1: best_train_fitness=0.9418 (random_forest)
  Model 1: profit_factor=1.2165
  Model 2: profit_factor=1.2706
  Model 3: profit_factor=1.2481
  Model 4: profit_factor=1.2271
  Model 5: profit_factor=1.3642
Fold result: accuracy=0.8998, bets/month=766.80, trades=529, sharpe=54.534

Fold 3/3: train=6000, valid=2016
    Gen 1: best_train_fitness=0.8995 (extra_trees)
  Model 1: profit_factor=1.0926
  Model 2: profit_factor=1.0957
  Model 3: profit_factor=1.1188
  Model 4: profit_factor=1.0666
  Model 5: profit_factor=1.0926

Top 10 feature importances:
  mom_1_30m: 0.0417
  close_open_ratio_30m: 0.0384
  mom_1_1h: 0.0376
  close_open_ratio_1h: 0.0359
  mom_3: 0.0357
  close_open_ratio: 0.0297
  mom_1: 0.0294
  bb_position: 0.0275
  mom_5: 0.0265
  mom_1_2h: 0.0219
Fold result: accuracy=0.8429, bets/month=682.73, trades=471, sharpe=41.341

Multi-fold combined (3 folds): accuracy=0.8672, bets/month=862.47, Sharpe=43.291, total_return=0.1165, trades=1785
Training best models on full data...
Recent training data: 5761 samples
Selected 3 top models for retraining
  Retraining model 1/3 (random_forest)
    Done
  Retraining model 2/3 (gradient_boosting)
    Done
  Retraining model 3/3 (extra_trees)
    Done
Training horizon ensemble for 7 horizons...
  Horizon 30m (factor=2)
/home/julien/projects/Bittensor/Arbos/arbos_trading/data/processor.py:56: FutureWarning: 'T' is deprecated and will be removed in a future version, please use 'min' instead.
  resampled = df_idx[["open", "high", "low", "close", "volume"]].resample(f"{horizon_minutes}T").agg({
    Resampled to 2881 rows
    Prepared 2860 samples with 39 features
  Horizon 1h (factor=4)
/home/julien/projects/Bittensor/Arbos/arbos_trading/data/processor.py:56: FutureWarning: 'T' is deprecated and will be removed in a future version, please use 'min' instead.
  resampled = df_idx[["open", "high", "low", "close", "volume"]].resample(f"{horizon_minutes}T").agg({
    Resampled to 1441 rows
    Prepared 1420 samples with 39 features
  Horizon 2h (factor=8)
/home/julien/projects/Bittensor/Arbos/arbos_trading/data/processor.py:56: FutureWarning: 'T' is deprecated and will be removed in a future version, please use 'min' instead.
  resampled = df_idx[["open", "high", "low", "close", "volume"]].resample(f"{horizon_minutes}T").agg({
    Resampled to 721 rows
    Prepared 700 samples with 39 features
  Horizon 4h (factor=16)
/home/julien/projects/Bittensor/Arbos/arbos_trading/data/processor.py:56: FutureWarning: 'T' is deprecated and will be removed in a future version, please use 'min' instead.
  resampled = df_idx[["open", "high", "low", "close", "volume"]].resample(f"{horizon_minutes}T").agg({
    Resampled to 361 rows
    Prepared 340 samples with 39 features
  Horizon 8h (factor=32)
/home/julien/projects/Bittensor/Arbos/arbos_trading/data/processor.py:56: FutureWarning: 'T' is deprecated and will be removed in a future version, please use 'min' instead.
  resampled = df_idx[["open", "high", "low", "close", "volume"]].resample(f"{horizon_minutes}T").agg({
    Resampled to 181 rows
    Prepared 160 samples with 39 features
  Horizon 12h (factor=48)
/home/julien/projects/Bittensor/Arbos/arbos_trading/data/processor.py:56: FutureWarning: 'T' is deprecated and will be removed in a future version, please use 'min' instead.
  resampled = df_idx[["open", "high", "low", "close", "volume"]].resample(f"{horizon_minutes}T").agg({
    Resampled to 121 rows
    Prepared 100 samples with 39 features
  Horizon 24h (factor=96)
/home/julien/projects/Bittensor/Arbos/arbos_trading/data/processor.py:56: FutureWarning: 'T' is deprecated and will be removed in a future version, please use 'min' instead.
  resampled = df_idx[["open", "high", "low", "close", "volume"]].resample(f"{horizon_minutes}T").agg({
    Resampled to 61 rows
Fitting horizon ensembles for 6 horizons
  Horizon 30m (1/6): processing 2860 rows
    Feature count: 31, training samples: 2860
    Training 5 models...
[horizon]   Training model 1/5 (random_forest)...
[horizon]   Model 1 trained
[horizon]   Training model 2/5 (random_forest)...
[horizon]   Model 2 trained
[horizon]   Training model 3/5 (random_forest)...
[horizon]   Model 3 trained
[horizon]   Training model 4/5 (random_forest)...
[horizon]   Model 4 trained
[horizon]   Training model 5/5 (random_forest)...
[horizon]   Model 5 trained
    Completed horizon 30m
  Horizon 1h (2/6): processing 1420 rows
    Feature count: 31, training samples: 1420
    Training 5 models...
[horizon]   Training model 1/5 (random_forest)...
[horizon]   Model 1 trained
[horizon]   Training model 2/5 (random_forest)...
[horizon]   Model 2 trained
[horizon]   Training model 3/5 (random_forest)...
[horizon]   Model 3 trained
[horizon]   Training model 4/5 (random_forest)...
[horizon]   Model 4 trained
[horizon]   Training model 5/5 (random_forest)...
[horizon]   Model 5 trained
    Completed horizon 1h
  Horizon 2h (3/6): processing 700 rows
    Feature count: 31, training samples: 700
    Training 5 models...
[horizon]   Training model 1/5 (random_forest)...
[horizon]   Model 1 trained
[horizon]   Training model 2/5 (random_forest)...
[horizon]   Model 2 trained
[horizon]   Training model 3/5 (random_forest)...
[horizon]   Model 3 trained
[horizon]   Training model 4/5 (random_forest)...
[horizon]   Model 4 trained
[horizon]   Training model 5/5 (random_forest)...
[horizon]   Model 5 trained
    Completed horizon 2h
  Horizon 4h (4/6): processing 340 rows
    Feature count: 31, training samples: 340
    Training 5 models...
[horizon]   Training model 1/5 (random_forest)...
[horizon]   Model 1 trained
[horizon]   Training model 2/5 (random_forest)...
[horizon]   Model 2 trained
[horizon]   Training model 3/5 (random_forest)...
[horizon]   Model 3 trained
[horizon]   Training model 4/5 (random_forest)...
[horizon]   Model 4 trained
[horizon]   Training model 5/5 (random_forest)...
[horizon]   Model 5 trained
    Completed horizon 4h
  Horizon 8h (5/6): processing 160 rows
    Feature count: 31, training samples: 160
    Training 5 models...
[horizon]   Training model 1/5 (random_forest)...
[horizon]   Model 1 trained
[horizon]   Training model 2/5 (random_forest)...
[horizon]   Model 2 trained
[horizon]   Training model 3/5 (random_forest)...
[horizon]   Model 3 trained
[horizon]   Training model 4/5 (random_forest)...
[horizon]   Model 4 trained
[horizon]   Training model 5/5 (random_forest)...
[horizon]   Model 5 trained
    Completed horizon 8h
  Horizon 12h (6/6): processing 100 rows
    Feature count: 31, training samples: 100
    Training 5 models...
[horizon]   Training model 1/5 (random_forest)...
[horizon]   Model 1 trained
[horizon]   Training model 2/5 (random_forest)...
[horizon]   Model 2 trained
[horizon]   Training model 3/5 (random_forest)...
[horizon]   Model 3 trained
[horizon]   Training model 4/5 (random_forest)...
[horizon]   Model 4 trained
[horizon]   Training model 5/5 (random_forest)...
[horizon]   Model 5 trained
    Completed horizon 12h
All horizon ensembles fitted
Horizon ensemble training complete
Generated 2880 current signals
Latest signal: -1 (1=UP, 0=DOWN, -1=NO TRADE)
Results saved to results/20260318_151844
============================================================
STEP COMPLETE
Metrics: {
  "timestamp": "2026-03-18T15:18:44.825273",
  "accuracy": 0.8672268907563025,
  "bets_per_month": 862.4666666666667,
  "sharpe": 43.290786765396966,
  "max_drawdown": 0.0019401501383330521,
  "total_return": 0.1165023942330381,
  "latest_signal": -1,
  "population_fitness": {
    "0": 0.8915,
    "1": 0.8533333333333334,
    "2": 0.8325,
    "3": 0.8273333333333334,
    "4": 0.7598333333333334
  }
}
============================================================

Step completed. Latest signal: -1
Accuracy: 0.8672, Bets/month: 862.47
