[main] main() started
============================================================
RUNNING ONLINE STEP
============================================================
Loading data from data/btcusdt_15m.csv
Last candle: 2026-03-19 00:15:00 (age: 4.5 min)
Loaded 77570 rows of data
Date range: 2024-01-01 00:00:00 to 2026-03-19 00:15:00
Online mode: limited data to last 180 days (17281 rows)
[main] Starting feature preparation...
Preparing features...
[futures] Loaded cached futures features (77570 rows, age=0.1h)
  Merged 16 futures features (funding rate, L/S, OI)
  Generating horizon features...
[horizon] Starting feature generation: 17281 rows, horizons=['15m']
[horizon] Computing base 15m features...
[horizon]   Technical indicators computed
[horizon]   Regime features computed
[horizon] Base features ready
[horizon] Horizon 15m: using base features
[horizon]   Merged (result now has 17281 rows, 85 cols)
[horizon] Forward filling missing values...
[horizon] Feature generation complete: 17281 rows, 85 columns
Prepared 17251 samples with 112 columns
Feature count: 100
[main] Feature preparation complete: 17251 rows, 100 features
Limited training to 5000 most recent samples
Evolving population (input_dim=100)...
  Generation 1/1
    Training individual 1/7 (lightgbm)
      -> fitness=0.9464
    Training individual 2/7 (lightgbm)
      -> fitness=0.9606
    Training individual 3/7 (lightgbm)
      -> fitness=0.9972
    Training individual 4/7 (lightgbm)
      -> fitness=0.9852
    Training individual 5/7 (lightgbm)
      -> fitness=0.8970
    Training individual 6/7 (lightgbm)
      -> fitness=1.0000
    Training individual 7/7 (lightgbm)
      -> fitness=0.9966
    Best fitness: 1.0000 (model=lightgbm)
Using 11521 recent samples for walk-forward validation (max 120 days)
Running multi-fold walk-forward validation...

Fold 1/3: train=5000, valid=2016
    Gen 1: best_train_fitness=0.8526 (lightgbm)
  Model 1: profit_factor=0.7817
  Model 2: profit_factor=0.6841
  Model 3: profit_factor=0.7111
  Model 4: profit_factor=0.8152
  Model 5: profit_factor=0.7092
  Model 6: profit_factor=0.7285
  Model 7: profit_factor=0.7703

Top 10 feature importances:
  taker_buy_ratio_ma20: 122.0000
  avg_trade_size_ratio: 112.0000
  volume_ma_20: 105.0000
  ret_lag_5: 98.0000
  ret_lag_3: 97.0000
  ret_lag_9: 97.0000
  vol_lag_2: 95.0000
  funding_rate_ma3_x: 93.0000
  volume_ma_10: 92.0000
  macd_hist: 91.0000
  Regime stats: mom_7d: mean=-0.0499, min=-0.1951, <-5%=1060, <-3%=1147, <-2%=1196, <-1%=1234
  Regime stats: price_vs_MA20: mean=-0.0014, <0=1124, <-2%=55, <-5%=0
    rule_only: acc=0.6757, bpm=105.7, n=74
    mom7d_-5pct: acc=0.7447, bpm=67.1, n=47
    mom7d_-3pct: acc=0.7500, bpm=62.9, n=44
    mom7d_-2pct: acc=0.7619, bpm=60.0, n=42
    mom7d_-1pct: acc=0.7500, bpm=57.1, n=40
    ma20_-2pct: acc=0.6812, bpm=98.6, n=69
    ma20_-5pct: acc=0.6757, bpm=105.7, n=74
  BEST: mom7d_-2pct: acc=0.7619, bpm=60.0
Fold result: accuracy=0.7619, bets/month=60.88, trades=42, sharpe=3.978

Fold 2/3: train=5000, valid=2016
    Gen 1: best_train_fitness=0.9524 (lightgbm)
  Model 1: profit_factor=0.6995
  Model 2: profit_factor=0.7558
  Model 3: profit_factor=0.7260
  Model 4: profit_factor=0.7862
  Model 5: profit_factor=0.7423
  Model 6: profit_factor=0.7363
  Model 7: profit_factor=0.7375

Top 10 feature importances:
  ret_lag_9: 67.0000
  ret_lag_6: 55.0000
  funding_rate_ma3_x: 54.0000
  ret_lag_4: 52.0000
  lower_shadow: 40.0000
  ret_lag_8: 39.0000
  volume_ratio_20: 35.0000
  ret_lag_10: 35.0000
  bb_upper: 32.0000
  obv_norm: 32.0000
  Regime stats: mom_7d: mean=-0.0112, min=-0.0813, <-5%=156, <-3%=385, <-2%=604, <-1%=877
  Regime stats: price_vs_MA20: mean=-0.0002, <0=972, <-2%=62, <-5%=1
    rule_only: acc=0.5000, bpm=157.1, n=110
    mom7d_-5pct: acc=0.4904, bpm=148.6, n=104
    mom7d_-3pct: acc=0.4565, bpm=131.4, n=92
    mom7d_-2pct: acc=0.4762, bpm=120.0, n=84
    mom7d_-1pct: acc=0.5000, bpm=100.0, n=70
    ma20_-2pct: acc=0.5146, bpm=147.1, n=103
    ma20_-5pct: acc=0.5000, bpm=157.1, n=110
  BEST: ma20_-2pct: acc=0.5146, bpm=147.1
Fold result: accuracy=0.5146, bets/month=149.30, trades=103, sharpe=-4.363

Fold 3/3: train=5000, valid=2016
    Gen 1: best_train_fitness=0.8758 (lightgbm)
  Model 1: profit_factor=0.8574
  Model 2: profit_factor=0.8104
  Model 3: profit_factor=0.8395
  Model 4: profit_factor=0.7808
  Model 5: profit_factor=0.8284
  Model 6: profit_factor=0.8924
  Model 7: profit_factor=0.8506

Top 10 feature importances:
  obv_norm: 113.0000
  ret_lag_9: 107.0000
  ret_lag_5: 99.0000
  taker_buy_ratio_ma5: 99.0000
  mom_30: 95.0000
  ret_lag_6: 95.0000
  bb_width: 93.0000
  macd_hist: 92.0000
  taker_buy_ratio_ma20: 92.0000
  ret_lag_10: 88.0000
  Regime stats: mom_7d: mean=0.0229, min=-0.0485, <-5%=0, <-3%=92, <-2%=115, <-1%=156
  Regime stats: price_vs_MA20: mean=0.0002, <0=1005, <-2%=16, <-5%=0
    rule_only: acc=0.7083, bpm=102.9, n=72
    mom7d_-5pct: acc=0.6909, bpm=78.6, n=55
    mom7d_-3pct: acc=0.6923, bpm=74.3, n=52
    mom7d_-2pct: acc=0.7000, bpm=71.4, n=50
    mom7d_-1pct: acc=0.6667, bpm=64.3, n=45
    ma20_-2pct: acc=0.7042, bpm=101.4, n=71
    ma20_-5pct: acc=0.7083, bpm=102.9, n=72
  BEST: rule_only: acc=0.7083, bpm=102.9
Fold result: accuracy=0.7083, bets/month=104.37, trades=72, sharpe=8.941

Multi-fold combined (3 folds): accuracy=0.6267, bets/month=104.85, Sharpe=2.852, total_return=0.0025, trades=217
Training best models on full data...
Recent training data: 5761 samples
Selected 2 top models for retraining
  Retraining model 1/2 (lightgbm)
    Done
  Retraining model 2/2 (lightgbm)
    Done
No additional horizons to train (HORIZONS only includes 15m)
Generated 2880 current signals
Latest signal: 0 (1=UP, 0=DOWN, -1=NO TRADE)
Results saved to results/20260319_002018
============================================================
STEP COMPLETE
Metrics: {
  "timestamp": "2026-03-19T00:20:18.967742",
  "accuracy": 0.6267281105990783,
  "bets_per_month": 104.8488888888889,
  "sharpe": 2.8520637833585325,
  "max_drawdown": 0.003844741857333878,
  "total_return": 0.0024738778980539795,
  "latest_signal": 0,
  "population_fitness": {
    "0": 1.0,
    "1": 0.9972,
    "2": 0.9966,
    "3": 0.9852,
    "4": 0.9606
  }
}
============================================================

Step completed. Latest signal: 0
Accuracy: 0.6267, Bets/month: 104.85
