[main] main() started
============================================================
RUNNING ONLINE STEP
============================================================
Loading data from data/btcusdt_15m.csv
Loaded 77450 rows of data
Date range: 2024-01-01 00:00:00 to 2026-03-17 18:15:00
Online mode: limited data to last 180 days (17281 rows)
[main] Starting feature preparation...
Preparing features...
  Generating horizon features...
[horizon] Starting feature generation: 17281 rows, horizons=['15m', '30m', '1h', '2h', '4h', '8h', '12h', '24h']
[horizon] Computing base 15m features...
[horizon]   Technical indicators computed
[horizon]   Regime features computed
[horizon] Base features ready
[horizon] Horizon 15m: using base features
[horizon] Merging 60 features for horizon 15m...
[horizon]   Merged (result now has 17281 rows, 61 cols)
[horizon] Horizon 30m: resampling by factor 2...
[horizon]   Resampled to 8641 rows
[horizon]   Adding technical indicators...
[horizon]   Adding regime features...
[horizon]   Horizon 30m features prepared (8641 rows)
[horizon] Merging 60 features for horizon 30m...
[horizon]   Merged (result now has 17281 rows, 121 cols)
[horizon] Horizon 1h: resampling by factor 4...
[horizon]   Resampled to 4321 rows
[horizon]   Adding technical indicators...
[horizon]   Adding regime features...
[horizon]   Horizon 1h features prepared (4321 rows)
[horizon] Merging 60 features for horizon 1h...
[horizon]   Merged (result now has 17281 rows, 181 cols)
[horizon] Horizon 2h: resampling by factor 8...
[horizon]   Resampled to 2161 rows
[horizon]   Adding technical indicators...
[horizon]   Adding regime features...
[horizon]   Horizon 2h features prepared (2161 rows)
[horizon] Merging 60 features for horizon 2h...
[horizon]   Merged (result now has 17281 rows, 241 cols)
[horizon] Horizon 4h: resampling by factor 16...
[horizon]   Resampled to 1081 rows
[horizon]   Adding technical indicators...
[horizon]   Adding regime features...
[horizon]   Horizon 4h features prepared (1081 rows)
[horizon] Merging 60 features for horizon 4h...
[horizon]   Merged (result now has 17281 rows, 301 cols)
[horizon] Horizon 8h: resampling by factor 32...
[horizon]   Resampled to 541 rows
[horizon]   Adding technical indicators...
[horizon]   Adding regime features...
[horizon]   Horizon 8h features prepared (541 rows)
[horizon] Merging 60 features for horizon 8h...
[horizon]   Merged (result now has 17281 rows, 361 cols)
[horizon] Horizon 12h: resampling by factor 48...
[horizon]   Resampled to 361 rows
[horizon]   Adding technical indicators...
[horizon]   Adding regime features...
[horizon]   Horizon 12h features prepared (361 rows)
[horizon] Merging 60 features for horizon 12h...
[horizon]   Merged (result now has 17281 rows, 421 cols)
[horizon] Horizon 24h: resampling by factor 96...
[horizon]   Resampled to 181 rows
[horizon]   Adding technical indicators...
[horizon]   Adding regime features...
[horizon]   Horizon 24h features prepared (181 rows)
[horizon] Merging 60 features for horizon 24h...
[horizon]   Merged (result now has 17281 rows, 481 cols)
[horizon] Forward filling missing values...
[horizon] Feature generation complete: 17281 rows, 485 columns
Prepared 15434 samples with 494 columns
Feature count: 484
[main] Feature preparation complete: 15434 rows, 484 features
Limited training to 6000 most recent samples
Evolving population (input_dim=484)...
  Generation 1/1
    Training individual 1/5 (random_forest)
      -> fitness=0.9490
    Training individual 2/5 (extra_trees)
      -> fitness=0.8748
    Training individual 3/5 (extra_trees)
      -> fitness=0.8417
    Training individual 4/5 (random_forest)
      -> fitness=0.8888
    Training individual 5/5 (extra_trees)
      -> fitness=0.9187
    Best fitness: 0.9490 (model=random_forest)
Using 11521 recent samples for walk-forward validation (max 120 days)
Running multi-fold walk-forward validation...

Fold 1/3: train=5473, valid=2016
    Gen 1: best_train_fitness=0.9726 (lightgbm)
  Model 1: profit_factor=0.9992
  Model 2: profit_factor=0.9934
  Model 3: profit_factor=0.9800
  Model 4: profit_factor=0.8903
  Model 5: profit_factor=1.1683

Top 10 feature importances:
  vwap_dist_10: 682.0000
  stoch_k_5: 595.0000
  mom_1: 564.0000
  body_ratio: 530.0000
  price_accel: 507.0000
  lower_wick_ratio: 487.0000
  stoch_k_14: 477.0000
  rsi_roc_1: 468.0000
  vwap_dist_5_30m: 466.0000
  upper_wick_ratio: 428.0000
Fold result: accuracy=0.8873, bets/month=1220.50, trades=842, sharpe=41.487

Fold 2/3: train=6000, valid=2016
    Gen 1: best_train_fitness=0.9725 (extra_trees)
  Model 1: profit_factor=1.5596
  Model 2: profit_factor=1.4136
  Model 3: profit_factor=1.4381
  Model 4: profit_factor=1.5111
  Model 5: profit_factor=1.4451

Top 10 feature importances:
  lower_wick_ratio_30m: 0.0205
  upper_wick_ratio_30m: 0.0199
  vwap_dist_5: 0.0186
  stoch_k_5: 0.0180
  close_open_ratio: 0.0167
  close_open_ratio_30m: 0.0166
  vwap_dist_10: 0.0165
  mom_1: 0.0154
  mom_1_1h: 0.0147
  mom_1_30m: 0.0145
Fold result: accuracy=0.8897, bets/month=1340.81, trades=925, sharpe=56.046

Fold 3/3: train=6000, valid=2016
    Gen 1: best_train_fitness=0.9758 (lightgbm)
  Model 1: profit_factor=1.3466
  Model 2: profit_factor=1.2421
  Model 3: profit_factor=1.3142
  Model 4: profit_factor=1.4238
  Model 5: profit_factor=1.4474

Top 10 feature importances:
  vwap_dist_10: 479.0000
  vwap_dist_5_30m: 407.0000
  stoch_k_14: 375.0000
  price_accel: 326.0000
  rsi_roc_1: 319.0000
  mom_1: 315.0000
  upper_wick_ratio_30m: 300.0000
  vwap_dist_20: 299.0000
  candle_streak: 297.0000
  upper_wick_ratio: 290.0000
Fold result: accuracy=0.8853, bets/month=1249.49, trades=862, sharpe=56.307

Multi-fold combined (3 folds): accuracy=0.8875, bets/month=1270.27, Sharpe=51.280, total_return=0.1700, trades=2629
Training best models on full data...
Recent training data: 5761 samples
Selected 4 top models for retraining
  Retraining model 1/4 (random_forest)
    Done
  Retraining model 2/4 (extra_trees)
    Done
  Retraining model 3/4 (random_forest)
    Done
  Retraining model 4/4 (extra_trees)
    Done
Generated 2880 current signals
Latest signal: -1 (1=UP, 0=DOWN, -1=NO TRADE)
Results saved to results/20260318_130412
============================================================
STEP COMPLETE
Metrics: {
  "timestamp": "2026-03-18T13:04:12.458478",
  "accuracy": 0.8874961616091835,
  "bets_per_month": 1270.266031746032,
  "sharpe": 51.28003286192605,
  "max_drawdown": 0.001210324837388481,
  "total_return": 0.17003723161120324,
  "latest_signal": -1,
  "population_fitness": {
    "0": 0.949,
    "1": 0.9186666666666666,
    "2": 0.8888333333333334,
    "3": 0.8748333333333334,
    "4": 0.8416666666666667
  }
}
============================================================
[main] Feature selection: saved top 300 features (from 484 total)

Step completed. Latest signal: -1
Accuracy: 0.8875, Bets/month: 1270.27
