[main] main() started
============================================================
RUNNING ONLINE STEP
============================================================
Loading data from data/btcusdt_15m.csv
Last candle: 2026-03-18 21:45:00 (age: 19.9 min)
Data stale by 19.9 min — fetching incremental update...
Incremental update: +1 new candles (total: 77561)
Loaded 77561 rows of data
Date range: 2024-01-01 00:00:00 to 2026-03-18 22:00:00
Online mode: limited data to last 180 days (17281 rows)
[main] Starting feature preparation...
Preparing features...
[futures] Loaded cached futures features (77558 rows, age=0.8h)
  Merged 16 futures features (funding rate, L/S, OI)
  Generating horizon features...
[horizon] Starting feature generation: 17281 rows, horizons=['15m', '30m', '1h']
[horizon] Computing base 15m features...
[horizon]   Technical indicators computed
[horizon]   Regime features computed
[horizon] Base features ready
[horizon] Horizon 15m: using base features
[horizon] Merging 84 features for horizon 15m...
[horizon]   Merged (result now has 17281 rows, 85 cols)
[horizon] Horizon 30m: resampling by factor 2...
/home/julien/projects/Bittensor/Arbos/arbos_trading/features/horizon.py:31: FutureWarning: 'T' is deprecated and will be removed in a future version, please use 'min' instead.
  resampled = df_idx[["open", "high", "low", "close", "volume"]].resample(f"{horizon_minutes}T").agg({
[horizon]   Resampled to 8641 rows
[horizon]   Adding technical indicators...
[horizon]   Adding regime features...
[horizon]   Horizon 30m features prepared (8641 rows)
[horizon] Merging 56 features for horizon 30m...
[horizon]   Merged (result now has 17281 rows, 141 cols)
[horizon] Horizon 1h: resampling by factor 4...
/home/julien/projects/Bittensor/Arbos/arbos_trading/features/horizon.py:31: FutureWarning: 'T' is deprecated and will be removed in a future version, please use 'min' instead.
  resampled = df_idx[["open", "high", "low", "close", "volume"]].resample(f"{horizon_minutes}T").agg({
[horizon]   Resampled to 4321 rows
[horizon]   Adding technical indicators...
[horizon]   Adding regime features...
[horizon]   Horizon 1h features prepared (4321 rows)
[horizon] Merging 56 features for horizon 1h...
[horizon]   Merged (result now has 17281 rows, 197 cols)
[horizon] Forward filling missing values...
[horizon] Feature generation complete: 17281 rows, 197 columns
Prepared 17157 samples with 224 columns
Feature count: 212
[main] Feature preparation complete: 17157 rows, 212 features
Limited training to 5000 most recent samples
Evolving population (input_dim=212)...
  Generation 1/1
    Training individual 1/7 (lightgbm)
      -> fitness=0.9662
    Training individual 2/7 (lightgbm)
      -> fitness=0.9754
    Training individual 3/7 (lightgbm)
      -> fitness=0.9988
    Training individual 4/7 (lightgbm)
      -> fitness=0.9926
    Training individual 5/7 (lightgbm)
      -> fitness=0.9218
    Training individual 6/7 (lightgbm)
      -> fitness=1.0000
    Training individual 7/7 (lightgbm)
      -> fitness=0.9992
    Best fitness: 1.0000 (model=lightgbm)
Using 11521 recent samples for walk-forward validation (max 120 days)
Running multi-fold walk-forward validation...

Fold 1/3: train=5000, valid=2016
    Gen 1: best_train_fitness=0.8734 (lightgbm)
  Model 1: profit_factor=0.6329
  Model 2: profit_factor=0.6909
  Model 3: profit_factor=0.6782
  Model 4: profit_factor=0.7239
  Model 5: profit_factor=0.6814
  Model 6: profit_factor=0.6902
  Model 7: profit_factor=0.6660

Top 10 feature importances:
  ret_lag_5: 74.0000
  ret_lag_2: 68.0000
  ret_lag_3: 68.0000
  avg_trade_size_ratio: 67.0000
  ret_lag_7: 64.0000
  body_ratio: 63.0000
  buy_pressure_change3: 61.0000
  ret_lag_10: 60.0000
  ret_lag_6: 59.0000
  buy_pressure_change: 59.0000
  Isolated spike signals: 63 total (40 UP, 23 DOWN), threshold=0.0028
Fold result: accuracy=0.7143, bets/month=89.87, trades=62, sharpe=-0.399

Fold 2/3: train=5000, valid=2016
    Gen 1: best_train_fitness=0.9628 (lightgbm)
  Model 1: profit_factor=0.6746
  Model 2: profit_factor=0.7448
  Model 3: profit_factor=0.7279
  Model 4: profit_factor=0.6974
  Model 5: profit_factor=0.7085
  Model 6: profit_factor=0.6862
  Model 7: profit_factor=0.6726

Top 10 feature importances:
  ret_lag_4: 68.0000
  ret_lag_2_1h: 61.0000
  mom_1: 60.0000
  ret_lag_9_30m: 55.0000
  stoch_k: 52.0000
  ret_lag_9: 52.0000
  mom_15: 51.0000
  ret_lag_6: 47.0000
  mom_2: 46.0000
  ret_lag_2: 44.0000
  Isolated spike signals: 87 total (45 UP, 42 DOWN), threshold=0.0029
Fold result: accuracy=0.5747, bets/month=126.11, trades=87, sharpe=-3.626

Fold 3/3: train=5000, valid=2016
    Gen 1: best_train_fitness=0.8820 (lightgbm)
  Model 1: profit_factor=0.6805
  Model 2: profit_factor=0.6925
  Model 3: profit_factor=0.6820
  Model 4: profit_factor=0.6604
  Model 5: profit_factor=0.6809
  Model 6: profit_factor=0.6801
  Model 7: profit_factor=0.6995

Top 10 feature importances:
  ret_lag_6: 37.0000
  ret_lag_5: 32.0000
  ret_lag_9_30m: 26.0000
  stoch_d: 25.0000
  ret_lag_9_1h: 24.0000
  mom_1: 23.0000
  taker_buy_ratio_ma5: 23.0000
  obv_norm: 22.0000
  vol_lag_2: 22.0000
  vwap_dev: 22.0000
  Isolated spike signals: 69 total (32 UP, 37 DOWN), threshold=0.0038
Fold result: accuracy=0.6522, bets/month=100.02, trades=69, sharpe=-0.444

Multi-fold combined (3 folds): accuracy=0.6389, bets/month=105.33, Sharpe=-1.490, total_return=-0.0017, trades=218
Training best models on full data...
Recent training data: 5761 samples
Selected 2 top models for retraining
  Retraining model 1/2 (lightgbm)
    Done
  Retraining model 2/2 (lightgbm)
    Done
Training horizon ensemble for 2 horizons...
  Horizon 30m (factor=2)
/home/julien/projects/Bittensor/Arbos/arbos_trading/data/processor.py:56: FutureWarning: 'T' is deprecated and will be removed in a future version, please use 'min' instead.
  resampled = df_idx[["open", "high", "low", "close", "volume"]].resample(f"{horizon_minutes}T").agg({
    Resampled to 2881 rows
    Prepared 2850 samples with 64 features
  Horizon 1h (factor=4)
/home/julien/projects/Bittensor/Arbos/arbos_trading/data/processor.py:56: FutureWarning: 'T' is deprecated and will be removed in a future version, please use 'min' instead.
  resampled = df_idx[["open", "high", "low", "close", "volume"]].resample(f"{horizon_minutes}T").agg({
    Resampled to 1441 rows
    Prepared 1410 samples with 64 features
Fitting horizon ensembles for 2 horizons
  Horizon 30m (1/2): processing 2850 rows
    Feature count: 56, training samples: 2850
    Training 5 models...
[horizon]   Training model 1/5 (random_forest)...
[horizon]   Model 1 trained
[horizon]   Training model 2/5 (random_forest)...
[horizon]   Model 2 trained
[horizon]   Training model 3/5 (random_forest)...
[horizon]   Model 3 trained
[horizon]   Training model 4/5 (random_forest)...
[horizon]   Model 4 trained
[horizon]   Training model 5/5 (random_forest)...
[horizon]   Model 5 trained
    Completed horizon 30m
  Horizon 1h (2/2): processing 1410 rows
    Feature count: 56, training samples: 1410
    Training 5 models...
[horizon]   Training model 1/5 (random_forest)...
[horizon]   Model 1 trained
[horizon]   Training model 2/5 (random_forest)...
[horizon]   Model 2 trained
[horizon]   Training model 3/5 (random_forest)...
[horizon]   Model 3 trained
[horizon]   Training model 4/5 (random_forest)...
[horizon]   Model 4 trained
[horizon]   Training model 5/5 (random_forest)...
[horizon]   Model 5 trained
    Completed horizon 1h
All horizon ensembles fitted
Horizon ensemble training complete
Generated 2880 current signals
Latest signal: -1 (1=UP, 0=DOWN, -1=NO TRADE)
Results saved to results/20260318_220702
============================================================
STEP COMPLETE
Metrics: {
  "timestamp": "2026-03-18T22:07:02.875546",
  "accuracy": 0.6389252948885976,
  "bets_per_month": 105.33206349206348,
  "sharpe": -1.4899181539431217,
  "max_drawdown": 0.0027589632020230802,
  "total_return": -0.0016776328797624956,
  "latest_signal": -1,
  "population_fitness": {
    "0": 1.0,
    "1": 0.9992,
    "2": 0.9988,
    "3": 0.9926,
    "4": 0.9754
  }
}
============================================================

Step completed. Latest signal: -1
Accuracy: 0.6389, Bets/month: 105.33
